21:33:38 INFO  : Registering command handlers for SDK TCF services
21:33:38 INFO  : Launching XSCT server: xsct.bat -interactive C:\Users\13575\Desktop\Project\zynq_sdk_uartadc16bit\zynq_sdk_uartadc16bit.sdk\temp_xsdb_launch_script.tcl
21:33:39 INFO  : XSCT server has started successfully.
21:33:39 INFO  : Successfully done setting XSCT server connection channel  
21:33:39 INFO  : Successfully done setting SDK workspace  
21:33:39 INFO  : Processing command line option -hwspec C:/Users/13575/Desktop/Project/zynq_sdk_uartadc16bit/zynq_sdk_uartadc16bit.sdk/system_wrapper.hdf.
21:36:07 INFO  : Connected to target on host '127.0.0.1' and port '3121'.
21:36:08 INFO  : Jtag cable 'Digilent JTAG-HS1 210512180081' is selected.
21:36:08 INFO  : 'jtag frequency' command is executed.
21:36:08 INFO  : Sourcing of 'C:/Users/13575/Desktop/Project/zynq_sdk_uartadc16bit/zynq_sdk_uartadc16bit.sdk/system_wrapper_hw_platform_0/ps7_init.tcl' is done.
21:36:08 INFO  : Context for 'APU' is selected.
21:36:08 INFO  : 'stop' command is executed.
21:36:08 INFO  : 'ps7_init' command is executed.
21:36:08 INFO  : Context for processor 'ps7_cortexa9_0' is selected.
21:36:08 INFO  : Processor reset is completed for 'ps7_cortexa9_0'.
21:36:08 INFO  : Context for processor 'ps7_cortexa9_0' is selected.
21:36:09 INFO  : The application 'C:/Users/13575/Desktop/Project/zynq_sdk_uartadc16bit/zynq_sdk_uartadc16bit.sdk/adc/Debug/adc.elf' is downloaded to processor 'ps7_cortexa9_0'.
21:36:09 INFO  : ----------------XSDB Script----------------
connect -url tcp:127.0.0.1:3121
source C:/Users/13575/Desktop/Project/zynq_sdk_uartadc16bit/zynq_sdk_uartadc16bit.sdk/system_wrapper_hw_platform_0/ps7_init.tcl
targets -set -nocase -filter {name =~"APU*" && jtag_cable_name =~ "Digilent JTAG-HS1 210512180081"} -index 0
stop
ps7_init
targets -set -nocase -filter {name =~ "ARM*#0" && jtag_cable_name =~ "Digilent JTAG-HS1 210512180081"} -index 0
rst -processor
targets -set -nocase -filter {name =~ "ARM*#0" && jtag_cable_name =~ "Digilent JTAG-HS1 210512180081"} -index 0
dow C:/Users/13575/Desktop/Project/zynq_sdk_uartadc16bit/zynq_sdk_uartadc16bit.sdk/adc/Debug/adc.elf
----------------End of Script----------------

21:36:09 INFO  : Context for processor 'ps7_cortexa9_0' is selected.
21:36:09 INFO  : 'con' command is executed.
21:36:09 INFO  : ----------------XSDB Script (After Launch)----------------
targets -set -nocase -filter {name =~ "ARM*#0" && jtag_cable_name =~ "Digilent JTAG-HS1 210512180081"} -index 0
con
----------------End of Script----------------

21:36:09 INFO  : Launch script is exported to file 'C:\Users\13575\Desktop\Project\zynq_sdk_uartadc16bit\zynq_sdk_uartadc16bit.sdk\.sdk\launch_scripts\xilinx_c-c++_application_(system_debugger)\system_debugger_on_local.tcl'
21:42:10 INFO  : Disconnected from the channel tcfchan#1.
13:21:07 INFO  : Registering command handlers for SDK TCF services
13:21:07 INFO  : Launching XSCT server: xsct.bat -interactive C:\Users\13575\Desktop\Project\zynq_sdk_uartadc16bit\zynq_sdk_uartadc16bit.sdk\temp_xsdb_launch_script.tcl
13:21:09 INFO  : XSCT server has started successfully.
13:21:11 INFO  : Successfully done setting XSCT server connection channel  
13:21:11 INFO  : Successfully done setting SDK workspace  
13:21:11 INFO  : Processing command line option -hwspec C:/Users/13575/Desktop/Project/zynq_sdk_uartadc16bit/zynq_sdk_uartadc16bit.sdk/system_wrapper.hdf.
13:21:11 INFO  : Checking for hwspec changes in the project system_wrapper_hw_platform_0.
13:22:07 INFO  : Connected to target on host '127.0.0.1' and port '3121'.
13:22:07 INFO  : Jtag cable 'Digilent JTAG-HS1 210512180081' is selected.
13:22:07 INFO  : 'jtag frequency' command is executed.
13:22:07 INFO  : Sourcing of 'C:/Users/13575/Desktop/Project/zynq_sdk_uartadc16bit/zynq_sdk_uartadc16bit.sdk/system_wrapper_hw_platform_0/ps7_init.tcl' is done.
13:22:07 INFO  : Context for 'APU' is selected.
13:22:08 INFO  : 'stop' command is executed.
13:22:08 INFO  : 'ps7_init' command is executed.
13:22:08 INFO  : Context for processor 'ps7_cortexa9_0' is selected.
13:22:08 INFO  : Processor reset is completed for 'ps7_cortexa9_0'.
13:22:08 INFO  : Context for processor 'ps7_cortexa9_0' is selected.
13:22:08 INFO  : The application 'C:/Users/13575/Desktop/Project/zynq_sdk_uartadc16bit/zynq_sdk_uartadc16bit.sdk/adc/Debug/adc.elf' is downloaded to processor 'ps7_cortexa9_0'.
13:22:08 INFO  : ----------------XSDB Script----------------
connect -url tcp:127.0.0.1:3121
source C:/Users/13575/Desktop/Project/zynq_sdk_uartadc16bit/zynq_sdk_uartadc16bit.sdk/system_wrapper_hw_platform_0/ps7_init.tcl
targets -set -nocase -filter {name =~"APU*" && jtag_cable_name =~ "Digilent JTAG-HS1 210512180081"} -index 0
stop
ps7_init
targets -set -nocase -filter {name =~ "ARM*#0" && jtag_cable_name =~ "Digilent JTAG-HS1 210512180081"} -index 0
rst -processor
targets -set -nocase -filter {name =~ "ARM*#0" && jtag_cable_name =~ "Digilent JTAG-HS1 210512180081"} -index 0
dow C:/Users/13575/Desktop/Project/zynq_sdk_uartadc16bit/zynq_sdk_uartadc16bit.sdk/adc/Debug/adc.elf
----------------End of Script----------------

13:22:08 INFO  : Context for processor 'ps7_cortexa9_0' is selected.
13:22:08 INFO  : 'con' command is executed.
13:22:08 INFO  : ----------------XSDB Script (After Launch)----------------
targets -set -nocase -filter {name =~ "ARM*#0" && jtag_cable_name =~ "Digilent JTAG-HS1 210512180081"} -index 0
con
----------------End of Script----------------

13:22:08 INFO  : Launch script is exported to file 'C:\Users\13575\Desktop\Project\zynq_sdk_uartadc16bit\zynq_sdk_uartadc16bit.sdk\.sdk\launch_scripts\xilinx_c-c++_application_(system_debugger)\system_debugger_on_local.tcl'
13:32:42 INFO  : Disconnected from the channel tcfchan#1.
13:32:43 INFO  : Connected to target on host '127.0.0.1' and port '3121'.
13:32:43 INFO  : Jtag cable 'Digilent JTAG-HS1 210512180081' is selected.
13:32:43 INFO  : 'jtag frequency' command is executed.
13:32:43 INFO  : Sourcing of 'C:/Users/13575/Desktop/Project/zynq_sdk_uartadc16bit/zynq_sdk_uartadc16bit.sdk/system_wrapper_hw_platform_0/ps7_init.tcl' is done.
13:32:43 INFO  : Context for 'APU' is selected.
13:32:43 INFO  : 'stop' command is executed.
13:32:43 INFO  : 'ps7_init' command is executed.
13:32:43 INFO  : Context for processor 'ps7_cortexa9_0' is selected.
13:32:44 INFO  : Processor reset is completed for 'ps7_cortexa9_0'.
13:32:44 INFO  : Context for processor 'ps7_cortexa9_0' is selected.
13:32:44 INFO  : The application 'C:/Users/13575/Desktop/Project/zynq_sdk_uartadc16bit/zynq_sdk_uartadc16bit.sdk/adc/Debug/adc.elf' is downloaded to processor 'ps7_cortexa9_0'.
13:32:44 INFO  : ----------------XSDB Script----------------
connect -url tcp:127.0.0.1:3121
source C:/Users/13575/Desktop/Project/zynq_sdk_uartadc16bit/zynq_sdk_uartadc16bit.sdk/system_wrapper_hw_platform_0/ps7_init.tcl
targets -set -nocase -filter {name =~"APU*" && jtag_cable_name =~ "Digilent JTAG-HS1 210512180081"} -index 0
stop
ps7_init
targets -set -nocase -filter {name =~ "ARM*#0" && jtag_cable_name =~ "Digilent JTAG-HS1 210512180081"} -index 0
rst -processor
targets -set -nocase -filter {name =~ "ARM*#0" && jtag_cable_name =~ "Digilent JTAG-HS1 210512180081"} -index 0
dow C:/Users/13575/Desktop/Project/zynq_sdk_uartadc16bit/zynq_sdk_uartadc16bit.sdk/adc/Debug/adc.elf
----------------End of Script----------------

13:32:44 INFO  : Context for processor 'ps7_cortexa9_0' is selected.
13:32:44 INFO  : 'con' command is executed.
13:32:44 INFO  : ----------------XSDB Script (After Launch)----------------
targets -set -nocase -filter {name =~ "ARM*#0" && jtag_cable_name =~ "Digilent JTAG-HS1 210512180081"} -index 0
con
----------------End of Script----------------

13:32:44 INFO  : Launch script is exported to file 'C:\Users\13575\Desktop\Project\zynq_sdk_uartadc16bit\zynq_sdk_uartadc16bit.sdk\.sdk\launch_scripts\xilinx_c-c++_application_(system_debugger)\system_debugger_on_local.tcl'
13:33:07 INFO  : Disconnected from the channel tcfchan#2.
13:33:08 INFO  : Connected to target on host '127.0.0.1' and port '3121'.
13:33:08 INFO  : Jtag cable 'Digilent JTAG-HS1 210512180081' is selected.
13:33:08 INFO  : 'jtag frequency' command is executed.
13:33:08 INFO  : Sourcing of 'C:/Users/13575/Desktop/Project/zynq_sdk_uartadc16bit/zynq_sdk_uartadc16bit.sdk/system_wrapper_hw_platform_0/ps7_init.tcl' is done.
13:33:08 INFO  : Context for 'APU' is selected.
13:33:08 INFO  : 'stop' command is executed.
13:33:09 INFO  : 'ps7_init' command is executed.
13:33:09 INFO  : Context for processor 'ps7_cortexa9_0' is selected.
13:33:09 INFO  : Processor reset is completed for 'ps7_cortexa9_0'.
13:33:09 INFO  : Context for processor 'ps7_cortexa9_0' is selected.
13:33:09 INFO  : The application 'C:/Users/13575/Desktop/Project/zynq_sdk_uartadc16bit/zynq_sdk_uartadc16bit.sdk/adc/Debug/adc.elf' is downloaded to processor 'ps7_cortexa9_0'.
13:33:09 INFO  : ----------------XSDB Script----------------
connect -url tcp:127.0.0.1:3121
source C:/Users/13575/Desktop/Project/zynq_sdk_uartadc16bit/zynq_sdk_uartadc16bit.sdk/system_wrapper_hw_platform_0/ps7_init.tcl
targets -set -nocase -filter {name =~"APU*" && jtag_cable_name =~ "Digilent JTAG-HS1 210512180081"} -index 0
stop
ps7_init
targets -set -nocase -filter {name =~ "ARM*#0" && jtag_cable_name =~ "Digilent JTAG-HS1 210512180081"} -index 0
rst -processor
targets -set -nocase -filter {name =~ "ARM*#0" && jtag_cable_name =~ "Digilent JTAG-HS1 210512180081"} -index 0
dow C:/Users/13575/Desktop/Project/zynq_sdk_uartadc16bit/zynq_sdk_uartadc16bit.sdk/adc/Debug/adc.elf
----------------End of Script----------------

13:33:09 INFO  : Context for processor 'ps7_cortexa9_0' is selected.
13:33:09 INFO  : 'con' command is executed.
13:33:09 INFO  : ----------------XSDB Script (After Launch)----------------
targets -set -nocase -filter {name =~ "ARM*#0" && jtag_cable_name =~ "Digilent JTAG-HS1 210512180081"} -index 0
con
----------------End of Script----------------

13:33:09 INFO  : Launch script is exported to file 'C:\Users\13575\Desktop\Project\zynq_sdk_uartadc16bit\zynq_sdk_uartadc16bit.sdk\.sdk\launch_scripts\xilinx_c-c++_application_(system_debugger)\system_debugger_on_local.tcl'
13:33:36 INFO  : Disconnected from the channel tcfchan#3.
13:33:37 INFO  : Connected to target on host '127.0.0.1' and port '3121'.
13:33:37 INFO  : Jtag cable 'Digilent JTAG-HS1 210512180081' is selected.
13:33:37 INFO  : 'jtag frequency' command is executed.
13:33:37 INFO  : Sourcing of 'C:/Users/13575/Desktop/Project/zynq_sdk_uartadc16bit/zynq_sdk_uartadc16bit.sdk/system_wrapper_hw_platform_0/ps7_init.tcl' is done.
13:33:37 INFO  : Context for 'APU' is selected.
13:33:37 INFO  : 'stop' command is executed.
13:33:38 INFO  : 'ps7_init' command is executed.
13:33:38 INFO  : Context for processor 'ps7_cortexa9_0' is selected.
13:33:38 INFO  : Processor reset is completed for 'ps7_cortexa9_0'.
13:33:38 INFO  : Context for processor 'ps7_cortexa9_0' is selected.
13:33:38 INFO  : The application 'C:/Users/13575/Desktop/Project/zynq_sdk_uartadc16bit/zynq_sdk_uartadc16bit.sdk/adc/Debug/adc.elf' is downloaded to processor 'ps7_cortexa9_0'.
13:33:38 INFO  : ----------------XSDB Script----------------
connect -url tcp:127.0.0.1:3121
source C:/Users/13575/Desktop/Project/zynq_sdk_uartadc16bit/zynq_sdk_uartadc16bit.sdk/system_wrapper_hw_platform_0/ps7_init.tcl
targets -set -nocase -filter {name =~"APU*" && jtag_cable_name =~ "Digilent JTAG-HS1 210512180081"} -index 0
stop
ps7_init
targets -set -nocase -filter {name =~ "ARM*#0" && jtag_cable_name =~ "Digilent JTAG-HS1 210512180081"} -index 0
rst -processor
targets -set -nocase -filter {name =~ "ARM*#0" && jtag_cable_name =~ "Digilent JTAG-HS1 210512180081"} -index 0
dow C:/Users/13575/Desktop/Project/zynq_sdk_uartadc16bit/zynq_sdk_uartadc16bit.sdk/adc/Debug/adc.elf
----------------End of Script----------------

13:33:38 INFO  : Context for processor 'ps7_cortexa9_0' is selected.
13:33:38 INFO  : 'con' command is executed.
13:33:38 INFO  : ----------------XSDB Script (After Launch)----------------
targets -set -nocase -filter {name =~ "ARM*#0" && jtag_cable_name =~ "Digilent JTAG-HS1 210512180081"} -index 0
con
----------------End of Script----------------

13:33:38 INFO  : Launch script is exported to file 'C:\Users\13575\Desktop\Project\zynq_sdk_uartadc16bit\zynq_sdk_uartadc16bit.sdk\.sdk\launch_scripts\xilinx_c-c++_application_(system_debugger)\system_debugger_on_local.tcl'
13:34:11 INFO  : Disconnected from the channel tcfchan#4.
13:34:12 INFO  : Connected to target on host '127.0.0.1' and port '3121'.
13:34:12 INFO  : Jtag cable 'Digilent JTAG-HS1 210512180081' is selected.
13:34:12 INFO  : 'jtag frequency' command is executed.
13:34:12 INFO  : Sourcing of 'C:/Users/13575/Desktop/Project/zynq_sdk_uartadc16bit/zynq_sdk_uartadc16bit.sdk/system_wrapper_hw_platform_0/ps7_init.tcl' is done.
13:34:12 INFO  : Context for 'APU' is selected.
13:34:12 INFO  : 'stop' command is executed.
13:34:12 INFO  : 'ps7_init' command is executed.
13:34:12 INFO  : Context for processor 'ps7_cortexa9_0' is selected.
13:34:12 INFO  : Processor reset is completed for 'ps7_cortexa9_0'.
13:34:12 INFO  : Context for processor 'ps7_cortexa9_0' is selected.
13:34:13 INFO  : The application 'C:/Users/13575/Desktop/Project/zynq_sdk_uartadc16bit/zynq_sdk_uartadc16bit.sdk/adc/Debug/adc.elf' is downloaded to processor 'ps7_cortexa9_0'.
13:34:13 INFO  : ----------------XSDB Script----------------
connect -url tcp:127.0.0.1:3121
source C:/Users/13575/Desktop/Project/zynq_sdk_uartadc16bit/zynq_sdk_uartadc16bit.sdk/system_wrapper_hw_platform_0/ps7_init.tcl
targets -set -nocase -filter {name =~"APU*" && jtag_cable_name =~ "Digilent JTAG-HS1 210512180081"} -index 0
stop
ps7_init
targets -set -nocase -filter {name =~ "ARM*#0" && jtag_cable_name =~ "Digilent JTAG-HS1 210512180081"} -index 0
rst -processor
targets -set -nocase -filter {name =~ "ARM*#0" && jtag_cable_name =~ "Digilent JTAG-HS1 210512180081"} -index 0
dow C:/Users/13575/Desktop/Project/zynq_sdk_uartadc16bit/zynq_sdk_uartadc16bit.sdk/adc/Debug/adc.elf
----------------End of Script----------------

13:34:13 INFO  : Context for processor 'ps7_cortexa9_0' is selected.
13:34:13 INFO  : 'con' command is executed.
13:34:13 INFO  : ----------------XSDB Script (After Launch)----------------
targets -set -nocase -filter {name =~ "ARM*#0" && jtag_cable_name =~ "Digilent JTAG-HS1 210512180081"} -index 0
con
----------------End of Script----------------

13:34:13 INFO  : Launch script is exported to file 'C:\Users\13575\Desktop\Project\zynq_sdk_uartadc16bit\zynq_sdk_uartadc16bit.sdk\.sdk\launch_scripts\xilinx_c-c++_application_(system_debugger)\system_debugger_on_local.tcl'
15:13:35 INFO  : Disconnected from the channel tcfchan#5.
15:13:36 INFO  : Connected to target on host '127.0.0.1' and port '3121'.
15:13:37 INFO  : Jtag cable 'Digilent JTAG-HS1 210512180081' is selected.
15:13:37 INFO  : 'jtag frequency' command is executed.
15:13:37 INFO  : Sourcing of 'C:/Users/13575/Desktop/Project/zynq_sdk_uartadc16bit/zynq_sdk_uartadc16bit.sdk/system_wrapper_hw_platform_0/ps7_init.tcl' is done.
15:13:37 INFO  : Context for 'APU' is selected.
15:13:37 INFO  : 'stop' command is executed.
15:13:37 INFO  : 'ps7_init' command is executed.
15:13:37 INFO  : Context for processor 'ps7_cortexa9_0' is selected.
15:13:37 INFO  : Processor reset is completed for 'ps7_cortexa9_0'.
15:13:37 INFO  : Context for processor 'ps7_cortexa9_0' is selected.
15:13:37 INFO  : The application 'C:/Users/13575/Desktop/Project/zynq_sdk_uartadc16bit/zynq_sdk_uartadc16bit.sdk/adc/Debug/adc.elf' is downloaded to processor 'ps7_cortexa9_0'.
15:13:37 INFO  : ----------------XSDB Script----------------
connect -url tcp:127.0.0.1:3121
source C:/Users/13575/Desktop/Project/zynq_sdk_uartadc16bit/zynq_sdk_uartadc16bit.sdk/system_wrapper_hw_platform_0/ps7_init.tcl
targets -set -nocase -filter {name =~"APU*" && jtag_cable_name =~ "Digilent JTAG-HS1 210512180081"} -index 0
stop
ps7_init
targets -set -nocase -filter {name =~ "ARM*#0" && jtag_cable_name =~ "Digilent JTAG-HS1 210512180081"} -index 0
rst -processor
targets -set -nocase -filter {name =~ "ARM*#0" && jtag_cable_name =~ "Digilent JTAG-HS1 210512180081"} -index 0
dow C:/Users/13575/Desktop/Project/zynq_sdk_uartadc16bit/zynq_sdk_uartadc16bit.sdk/adc/Debug/adc.elf
----------------End of Script----------------

15:13:37 INFO  : Context for processor 'ps7_cortexa9_0' is selected.
15:13:37 INFO  : 'con' command is executed.
15:13:37 INFO  : ----------------XSDB Script (After Launch)----------------
targets -set -nocase -filter {name =~ "ARM*#0" && jtag_cable_name =~ "Digilent JTAG-HS1 210512180081"} -index 0
con
----------------End of Script----------------

15:13:37 INFO  : Launch script is exported to file 'C:\Users\13575\Desktop\Project\zynq_sdk_uartadc16bit\zynq_sdk_uartadc16bit.sdk\.sdk\launch_scripts\xilinx_c-c++_application_(system_debugger)\system_debugger_on_local.tcl'
15:13:50 INFO  : Disconnected from the channel tcfchan#6.
15:13:51 INFO  : Connected to target on host '127.0.0.1' and port '3121'.
15:13:51 INFO  : Jtag cable 'Digilent JTAG-HS1 210512180081' is selected.
15:13:51 INFO  : 'jtag frequency' command is executed.
15:13:51 INFO  : Sourcing of 'C:/Users/13575/Desktop/Project/zynq_sdk_uartadc16bit/zynq_sdk_uartadc16bit.sdk/system_wrapper_hw_platform_0/ps7_init.tcl' is done.
15:13:51 INFO  : Context for 'APU' is selected.
15:13:51 INFO  : 'stop' command is executed.
15:13:51 INFO  : 'ps7_init' command is executed.
15:13:51 INFO  : Context for processor 'ps7_cortexa9_0' is selected.
15:13:51 INFO  : Processor reset is completed for 'ps7_cortexa9_0'.
15:13:51 INFO  : Context for processor 'ps7_cortexa9_0' is selected.
15:13:51 INFO  : The application 'C:/Users/13575/Desktop/Project/zynq_sdk_uartadc16bit/zynq_sdk_uartadc16bit.sdk/adc/Debug/adc.elf' is downloaded to processor 'ps7_cortexa9_0'.
15:13:51 INFO  : ----------------XSDB Script----------------
connect -url tcp:127.0.0.1:3121
source C:/Users/13575/Desktop/Project/zynq_sdk_uartadc16bit/zynq_sdk_uartadc16bit.sdk/system_wrapper_hw_platform_0/ps7_init.tcl
targets -set -nocase -filter {name =~"APU*" && jtag_cable_name =~ "Digilent JTAG-HS1 210512180081"} -index 0
stop
ps7_init
targets -set -nocase -filter {name =~ "ARM*#0" && jtag_cable_name =~ "Digilent JTAG-HS1 210512180081"} -index 0
rst -processor
targets -set -nocase -filter {name =~ "ARM*#0" && jtag_cable_name =~ "Digilent JTAG-HS1 210512180081"} -index 0
dow C:/Users/13575/Desktop/Project/zynq_sdk_uartadc16bit/zynq_sdk_uartadc16bit.sdk/adc/Debug/adc.elf
----------------End of Script----------------

15:13:51 INFO  : Context for processor 'ps7_cortexa9_0' is selected.
15:13:51 INFO  : 'con' command is executed.
15:13:51 INFO  : ----------------XSDB Script (After Launch)----------------
targets -set -nocase -filter {name =~ "ARM*#0" && jtag_cable_name =~ "Digilent JTAG-HS1 210512180081"} -index 0
con
----------------End of Script----------------

15:13:51 INFO  : Launch script is exported to file 'C:\Users\13575\Desktop\Project\zynq_sdk_uartadc16bit\zynq_sdk_uartadc16bit.sdk\.sdk\launch_scripts\xilinx_c-c++_application_(system_debugger)\system_debugger_on_local.tcl'
15:43:12 INFO  : Disconnected from the channel tcfchan#7.
15:43:13 INFO  : Connected to target on host '127.0.0.1' and port '3121'.
15:43:13 INFO  : Jtag cable 'Digilent JTAG-HS1 210512180081' is selected.
15:43:13 INFO  : 'jtag frequency' command is executed.
15:43:13 INFO  : Sourcing of 'C:/Users/13575/Desktop/Project/zynq_sdk_uartadc16bit/zynq_sdk_uartadc16bit.sdk/system_wrapper_hw_platform_0/ps7_init.tcl' is done.
15:43:13 INFO  : Context for 'APU' is selected.
15:43:13 INFO  : 'stop' command is executed.
15:43:14 INFO  : 'ps7_init' command is executed.
15:43:14 INFO  : Context for processor 'ps7_cortexa9_0' is selected.
15:43:14 INFO  : Processor reset is completed for 'ps7_cortexa9_0'.
15:43:14 INFO  : Context for processor 'ps7_cortexa9_0' is selected.
15:43:14 INFO  : The application 'C:/Users/13575/Desktop/Project/zynq_sdk_uartadc16bit/zynq_sdk_uartadc16bit.sdk/adc/Debug/adc.elf' is downloaded to processor 'ps7_cortexa9_0'.
15:43:14 INFO  : ----------------XSDB Script----------------
connect -url tcp:127.0.0.1:3121
source C:/Users/13575/Desktop/Project/zynq_sdk_uartadc16bit/zynq_sdk_uartadc16bit.sdk/system_wrapper_hw_platform_0/ps7_init.tcl
targets -set -nocase -filter {name =~"APU*" && jtag_cable_name =~ "Digilent JTAG-HS1 210512180081"} -index 0
stop
ps7_init
targets -set -nocase -filter {name =~ "ARM*#0" && jtag_cable_name =~ "Digilent JTAG-HS1 210512180081"} -index 0
rst -processor
targets -set -nocase -filter {name =~ "ARM*#0" && jtag_cable_name =~ "Digilent JTAG-HS1 210512180081"} -index 0
dow C:/Users/13575/Desktop/Project/zynq_sdk_uartadc16bit/zynq_sdk_uartadc16bit.sdk/adc/Debug/adc.elf
----------------End of Script----------------

15:43:14 INFO  : Context for processor 'ps7_cortexa9_0' is selected.
15:43:14 INFO  : 'con' command is executed.
15:43:14 INFO  : ----------------XSDB Script (After Launch)----------------
targets -set -nocase -filter {name =~ "ARM*#0" && jtag_cable_name =~ "Digilent JTAG-HS1 210512180081"} -index 0
con
----------------End of Script----------------

15:43:14 INFO  : Launch script is exported to file 'C:\Users\13575\Desktop\Project\zynq_sdk_uartadc16bit\zynq_sdk_uartadc16bit.sdk\.sdk\launch_scripts\xilinx_c-c++_application_(system_debugger)\system_debugger_on_local.tcl'
15:43:46 INFO  : Disconnected from the channel tcfchan#8.
15:43:47 INFO  : Connected to target on host '127.0.0.1' and port '3121'.
15:43:47 INFO  : Jtag cable 'Digilent JTAG-HS1 210512180081' is selected.
15:43:47 INFO  : 'jtag frequency' command is executed.
15:43:47 INFO  : Sourcing of 'C:/Users/13575/Desktop/Project/zynq_sdk_uartadc16bit/zynq_sdk_uartadc16bit.sdk/system_wrapper_hw_platform_0/ps7_init.tcl' is done.
15:43:47 INFO  : Context for 'APU' is selected.
15:43:47 INFO  : 'stop' command is executed.
15:43:48 INFO  : 'ps7_init' command is executed.
15:43:48 INFO  : Context for processor 'ps7_cortexa9_0' is selected.
15:43:48 INFO  : Processor reset is completed for 'ps7_cortexa9_0'.
15:43:48 INFO  : Context for processor 'ps7_cortexa9_0' is selected.
15:43:48 INFO  : The application 'C:/Users/13575/Desktop/Project/zynq_sdk_uartadc16bit/zynq_sdk_uartadc16bit.sdk/adc/Debug/adc.elf' is downloaded to processor 'ps7_cortexa9_0'.
15:43:48 INFO  : ----------------XSDB Script----------------
connect -url tcp:127.0.0.1:3121
source C:/Users/13575/Desktop/Project/zynq_sdk_uartadc16bit/zynq_sdk_uartadc16bit.sdk/system_wrapper_hw_platform_0/ps7_init.tcl
targets -set -nocase -filter {name =~"APU*" && jtag_cable_name =~ "Digilent JTAG-HS1 210512180081"} -index 0
stop
ps7_init
targets -set -nocase -filter {name =~ "ARM*#0" && jtag_cable_name =~ "Digilent JTAG-HS1 210512180081"} -index 0
rst -processor
targets -set -nocase -filter {name =~ "ARM*#0" && jtag_cable_name =~ "Digilent JTAG-HS1 210512180081"} -index 0
dow C:/Users/13575/Desktop/Project/zynq_sdk_uartadc16bit/zynq_sdk_uartadc16bit.sdk/adc/Debug/adc.elf
----------------End of Script----------------

15:43:48 INFO  : Context for processor 'ps7_cortexa9_0' is selected.
15:43:48 INFO  : 'con' command is executed.
15:43:48 INFO  : ----------------XSDB Script (After Launch)----------------
targets -set -nocase -filter {name =~ "ARM*#0" && jtag_cable_name =~ "Digilent JTAG-HS1 210512180081"} -index 0
con
----------------End of Script----------------

15:43:48 INFO  : Launch script is exported to file 'C:\Users\13575\Desktop\Project\zynq_sdk_uartadc16bit\zynq_sdk_uartadc16bit.sdk\.sdk\launch_scripts\xilinx_c-c++_application_(system_debugger)\system_debugger_on_local.tcl'
15:44:30 INFO  : Disconnected from the channel tcfchan#9.
15:44:31 INFO  : Connected to target on host '127.0.0.1' and port '3121'.
15:44:31 INFO  : Jtag cable 'Digilent JTAG-HS1 210512180081' is selected.
15:44:31 INFO  : 'jtag frequency' command is executed.
15:44:31 INFO  : Sourcing of 'C:/Users/13575/Desktop/Project/zynq_sdk_uartadc16bit/zynq_sdk_uartadc16bit.sdk/system_wrapper_hw_platform_0/ps7_init.tcl' is done.
15:44:31 INFO  : Context for 'APU' is selected.
15:44:31 INFO  : 'stop' command is executed.
15:44:32 INFO  : 'ps7_init' command is executed.
15:44:32 INFO  : Context for processor 'ps7_cortexa9_0' is selected.
15:44:32 INFO  : Processor reset is completed for 'ps7_cortexa9_0'.
15:44:32 INFO  : Context for processor 'ps7_cortexa9_0' is selected.
15:44:32 INFO  : The application 'C:/Users/13575/Desktop/Project/zynq_sdk_uartadc16bit/zynq_sdk_uartadc16bit.sdk/adc/Debug/adc.elf' is downloaded to processor 'ps7_cortexa9_0'.
15:44:32 INFO  : ----------------XSDB Script----------------
connect -url tcp:127.0.0.1:3121
source C:/Users/13575/Desktop/Project/zynq_sdk_uartadc16bit/zynq_sdk_uartadc16bit.sdk/system_wrapper_hw_platform_0/ps7_init.tcl
targets -set -nocase -filter {name =~"APU*" && jtag_cable_name =~ "Digilent JTAG-HS1 210512180081"} -index 0
stop
ps7_init
targets -set -nocase -filter {name =~ "ARM*#0" && jtag_cable_name =~ "Digilent JTAG-HS1 210512180081"} -index 0
rst -processor
targets -set -nocase -filter {name =~ "ARM*#0" && jtag_cable_name =~ "Digilent JTAG-HS1 210512180081"} -index 0
dow C:/Users/13575/Desktop/Project/zynq_sdk_uartadc16bit/zynq_sdk_uartadc16bit.sdk/adc/Debug/adc.elf
----------------End of Script----------------

15:44:32 INFO  : Context for processor 'ps7_cortexa9_0' is selected.
15:44:32 INFO  : 'con' command is executed.
15:44:32 INFO  : ----------------XSDB Script (After Launch)----------------
targets -set -nocase -filter {name =~ "ARM*#0" && jtag_cable_name =~ "Digilent JTAG-HS1 210512180081"} -index 0
con
----------------End of Script----------------

15:44:32 INFO  : Launch script is exported to file 'C:\Users\13575\Desktop\Project\zynq_sdk_uartadc16bit\zynq_sdk_uartadc16bit.sdk\.sdk\launch_scripts\xilinx_c-c++_application_(system_debugger)\system_debugger_on_local.tcl'
15:47:51 INFO  : Disconnected from the channel tcfchan#10.
15:47:52 INFO  : Connected to target on host '127.0.0.1' and port '3121'.
15:48:10 INFO  : ----------------XSDB Script----------------
connect -url tcp:127.0.0.1:3121
----------------End of Script----------------

15:48:31 INFO  : Connected to target on host '127.0.0.1' and port '3121'.
15:48:49 INFO  : ----------------XSDB Script----------------
connect -url tcp:127.0.0.1:3121
----------------End of Script----------------

15:49:00 INFO  : Connected to target on host '127.0.0.1' and port '3121'.
15:49:18 INFO  : ----------------XSDB Script----------------
connect -url tcp:127.0.0.1:3121
----------------End of Script----------------

15:49:27 INFO  : Connected to target on host '127.0.0.1' and port '3121'.
15:49:45 INFO  : ----------------XSDB Script----------------
connect -url tcp:127.0.0.1:3121
----------------End of Script----------------

15:50:50 INFO  : Connected to target on host '127.0.0.1' and port '3121'.
15:51:08 INFO  : ----------------XSDB Script----------------
connect -url tcp:127.0.0.1:3121
----------------End of Script----------------

15:51:50 INFO  : Connected to target on host '127.0.0.1' and port '3121'.
15:51:50 INFO  : Jtag cable 'Digilent JTAG-HS1 210512180081' is selected.
15:51:50 INFO  : 'jtag frequency' command is executed.
15:51:50 INFO  : Sourcing of 'C:/Users/13575/Desktop/Project/zynq_sdk_uartadc16bit/zynq_sdk_uartadc16bit.sdk/system_wrapper_hw_platform_0/ps7_init.tcl' is done.
15:51:50 INFO  : Context for 'APU' is selected.
15:51:50 INFO  : 'stop' command is executed.
15:51:50 INFO  : 'ps7_init' command is executed.
15:51:50 INFO  : Context for processor 'ps7_cortexa9_0' is selected.
15:51:50 INFO  : Processor reset is completed for 'ps7_cortexa9_0'.
15:51:50 INFO  : Context for processor 'ps7_cortexa9_0' is selected.
15:51:50 INFO  : The application 'C:/Users/13575/Desktop/Project/zynq_sdk_uartadc16bit/zynq_sdk_uartadc16bit.sdk/adc/Debug/adc.elf' is downloaded to processor 'ps7_cortexa9_0'.
15:51:50 INFO  : ----------------XSDB Script----------------
connect -url tcp:127.0.0.1:3121
source C:/Users/13575/Desktop/Project/zynq_sdk_uartadc16bit/zynq_sdk_uartadc16bit.sdk/system_wrapper_hw_platform_0/ps7_init.tcl
targets -set -nocase -filter {name =~"APU*" && jtag_cable_name =~ "Digilent JTAG-HS1 210512180081"} -index 0
stop
ps7_init
targets -set -nocase -filter {name =~ "ARM*#0" && jtag_cable_name =~ "Digilent JTAG-HS1 210512180081"} -index 0
rst -processor
targets -set -nocase -filter {name =~ "ARM*#0" && jtag_cable_name =~ "Digilent JTAG-HS1 210512180081"} -index 0
dow C:/Users/13575/Desktop/Project/zynq_sdk_uartadc16bit/zynq_sdk_uartadc16bit.sdk/adc/Debug/adc.elf
----------------End of Script----------------

15:51:50 INFO  : Context for processor 'ps7_cortexa9_0' is selected.
15:51:51 INFO  : 'con' command is executed.
15:51:51 INFO  : ----------------XSDB Script (After Launch)----------------
targets -set -nocase -filter {name =~ "ARM*#0" && jtag_cable_name =~ "Digilent JTAG-HS1 210512180081"} -index 0
con
----------------End of Script----------------

15:51:51 INFO  : Launch script is exported to file 'C:\Users\13575\Desktop\Project\zynq_sdk_uartadc16bit\zynq_sdk_uartadc16bit.sdk\.sdk\launch_scripts\xilinx_c-c++_application_(system_debugger)\system_debugger_on_local.tcl'
15:53:27 INFO  : Disconnected from the channel tcfchan#11.
15:53:28 INFO  : Connected to target on host '127.0.0.1' and port '3121'.
15:53:28 INFO  : Jtag cable 'Digilent JTAG-HS1 210512180081' is selected.
15:53:28 INFO  : 'jtag frequency' command is executed.
15:53:28 INFO  : Sourcing of 'C:/Users/13575/Desktop/Project/zynq_sdk_uartadc16bit/zynq_sdk_uartadc16bit.sdk/system_wrapper_hw_platform_0/ps7_init.tcl' is done.
15:53:28 INFO  : Context for 'APU' is selected.
15:53:28 INFO  : 'stop' command is executed.
15:53:29 INFO  : 'ps7_init' command is executed.
15:53:29 INFO  : Context for processor 'ps7_cortexa9_0' is selected.
15:53:29 INFO  : Processor reset is completed for 'ps7_cortexa9_0'.
15:53:29 INFO  : Context for processor 'ps7_cortexa9_0' is selected.
15:53:29 INFO  : The application 'C:/Users/13575/Desktop/Project/zynq_sdk_uartadc16bit/zynq_sdk_uartadc16bit.sdk/adc/Debug/adc.elf' is downloaded to processor 'ps7_cortexa9_0'.
15:53:29 INFO  : ----------------XSDB Script----------------
connect -url tcp:127.0.0.1:3121
source C:/Users/13575/Desktop/Project/zynq_sdk_uartadc16bit/zynq_sdk_uartadc16bit.sdk/system_wrapper_hw_platform_0/ps7_init.tcl
targets -set -nocase -filter {name =~"APU*" && jtag_cable_name =~ "Digilent JTAG-HS1 210512180081"} -index 0
stop
ps7_init
targets -set -nocase -filter {name =~ "ARM*#0" && jtag_cable_name =~ "Digilent JTAG-HS1 210512180081"} -index 0
rst -processor
targets -set -nocase -filter {name =~ "ARM*#0" && jtag_cable_name =~ "Digilent JTAG-HS1 210512180081"} -index 0
dow C:/Users/13575/Desktop/Project/zynq_sdk_uartadc16bit/zynq_sdk_uartadc16bit.sdk/adc/Debug/adc.elf
----------------End of Script----------------

15:53:29 INFO  : Context for processor 'ps7_cortexa9_0' is selected.
15:53:29 INFO  : 'con' command is executed.
15:53:29 INFO  : ----------------XSDB Script (After Launch)----------------
targets -set -nocase -filter {name =~ "ARM*#0" && jtag_cable_name =~ "Digilent JTAG-HS1 210512180081"} -index 0
con
----------------End of Script----------------

15:53:29 INFO  : Launch script is exported to file 'C:\Users\13575\Desktop\Project\zynq_sdk_uartadc16bit\zynq_sdk_uartadc16bit.sdk\.sdk\launch_scripts\xilinx_c-c++_application_(system_debugger)\system_debugger_on_local.tcl'
15:53:52 INFO  : Disconnected from the channel tcfchan#12.
15:53:53 INFO  : Connected to target on host '127.0.0.1' and port '3121'.
15:53:53 INFO  : Jtag cable 'Digilent JTAG-HS1 210512180081' is selected.
15:53:53 INFO  : 'jtag frequency' command is executed.
15:53:53 INFO  : Sourcing of 'C:/Users/13575/Desktop/Project/zynq_sdk_uartadc16bit/zynq_sdk_uartadc16bit.sdk/system_wrapper_hw_platform_0/ps7_init.tcl' is done.
15:53:53 INFO  : Context for 'APU' is selected.
15:53:53 INFO  : 'stop' command is executed.
15:53:54 INFO  : 'ps7_init' command is executed.
15:53:54 INFO  : Context for processor 'ps7_cortexa9_0' is selected.
15:53:54 INFO  : Processor reset is completed for 'ps7_cortexa9_0'.
15:53:54 INFO  : Context for processor 'ps7_cortexa9_0' is selected.
15:53:54 INFO  : The application 'C:/Users/13575/Desktop/Project/zynq_sdk_uartadc16bit/zynq_sdk_uartadc16bit.sdk/adc/Debug/adc.elf' is downloaded to processor 'ps7_cortexa9_0'.
15:53:54 INFO  : ----------------XSDB Script----------------
connect -url tcp:127.0.0.1:3121
source C:/Users/13575/Desktop/Project/zynq_sdk_uartadc16bit/zynq_sdk_uartadc16bit.sdk/system_wrapper_hw_platform_0/ps7_init.tcl
targets -set -nocase -filter {name =~"APU*" && jtag_cable_name =~ "Digilent JTAG-HS1 210512180081"} -index 0
stop
ps7_init
targets -set -nocase -filter {name =~ "ARM*#0" && jtag_cable_name =~ "Digilent JTAG-HS1 210512180081"} -index 0
rst -processor
targets -set -nocase -filter {name =~ "ARM*#0" && jtag_cable_name =~ "Digilent JTAG-HS1 210512180081"} -index 0
dow C:/Users/13575/Desktop/Project/zynq_sdk_uartadc16bit/zynq_sdk_uartadc16bit.sdk/adc/Debug/adc.elf
----------------End of Script----------------

15:53:54 INFO  : Context for processor 'ps7_cortexa9_0' is selected.
15:53:54 INFO  : 'con' command is executed.
15:53:54 INFO  : ----------------XSDB Script (After Launch)----------------
targets -set -nocase -filter {name =~ "ARM*#0" && jtag_cable_name =~ "Digilent JTAG-HS1 210512180081"} -index 0
con
----------------End of Script----------------

15:53:54 INFO  : Launch script is exported to file 'C:\Users\13575\Desktop\Project\zynq_sdk_uartadc16bit\zynq_sdk_uartadc16bit.sdk\.sdk\launch_scripts\xilinx_c-c++_application_(system_debugger)\system_debugger_on_local.tcl'
15:55:51 INFO  : Disconnected from the channel tcfchan#13.
15:55:52 INFO  : Connected to target on host '127.0.0.1' and port '3121'.
15:55:52 INFO  : Jtag cable 'Digilent JTAG-HS1 210512180081' is selected.
15:55:52 INFO  : 'jtag frequency' command is executed.
15:55:52 INFO  : Sourcing of 'C:/Users/13575/Desktop/Project/zynq_sdk_uartadc16bit/zynq_sdk_uartadc16bit.sdk/system_wrapper_hw_platform_0/ps7_init.tcl' is done.
15:55:52 INFO  : Context for 'APU' is selected.
15:55:52 INFO  : 'stop' command is executed.
15:55:52 INFO  : 'ps7_init' command is executed.
15:55:52 INFO  : Context for processor 'ps7_cortexa9_0' is selected.
15:55:52 INFO  : Processor reset is completed for 'ps7_cortexa9_0'.
15:55:52 INFO  : Context for processor 'ps7_cortexa9_0' is selected.
15:55:52 INFO  : The application 'C:/Users/13575/Desktop/Project/zynq_sdk_uartadc16bit/zynq_sdk_uartadc16bit.sdk/adc/Debug/adc.elf' is downloaded to processor 'ps7_cortexa9_0'.
15:55:52 INFO  : ----------------XSDB Script----------------
connect -url tcp:127.0.0.1:3121
source C:/Users/13575/Desktop/Project/zynq_sdk_uartadc16bit/zynq_sdk_uartadc16bit.sdk/system_wrapper_hw_platform_0/ps7_init.tcl
targets -set -nocase -filter {name =~"APU*" && jtag_cable_name =~ "Digilent JTAG-HS1 210512180081"} -index 0
stop
ps7_init
targets -set -nocase -filter {name =~ "ARM*#0" && jtag_cable_name =~ "Digilent JTAG-HS1 210512180081"} -index 0
rst -processor
targets -set -nocase -filter {name =~ "ARM*#0" && jtag_cable_name =~ "Digilent JTAG-HS1 210512180081"} -index 0
dow C:/Users/13575/Desktop/Project/zynq_sdk_uartadc16bit/zynq_sdk_uartadc16bit.sdk/adc/Debug/adc.elf
----------------End of Script----------------

15:55:52 INFO  : Context for processor 'ps7_cortexa9_0' is selected.
15:55:52 INFO  : 'con' command is executed.
15:55:52 INFO  : ----------------XSDB Script (After Launch)----------------
targets -set -nocase -filter {name =~ "ARM*#0" && jtag_cable_name =~ "Digilent JTAG-HS1 210512180081"} -index 0
con
----------------End of Script----------------

15:55:52 INFO  : Launch script is exported to file 'C:\Users\13575\Desktop\Project\zynq_sdk_uartadc16bit\zynq_sdk_uartadc16bit.sdk\.sdk\launch_scripts\xilinx_c-c++_application_(system_debugger)\system_debugger_on_local.tcl'
15:56:04 INFO  : Disconnected from the channel tcfchan#14.
15:56:05 INFO  : Connected to target on host '127.0.0.1' and port '3121'.
15:56:05 INFO  : Jtag cable 'Digilent JTAG-HS1 210512180081' is selected.
15:56:05 INFO  : 'jtag frequency' command is executed.
15:56:05 INFO  : Sourcing of 'C:/Users/13575/Desktop/Project/zynq_sdk_uartadc16bit/zynq_sdk_uartadc16bit.sdk/system_wrapper_hw_platform_0/ps7_init.tcl' is done.
15:56:05 INFO  : Context for 'APU' is selected.
15:56:05 INFO  : 'stop' command is executed.
15:56:06 INFO  : 'ps7_init' command is executed.
15:56:06 INFO  : Context for processor 'ps7_cortexa9_0' is selected.
15:56:06 INFO  : Processor reset is completed for 'ps7_cortexa9_0'.
15:56:06 INFO  : Context for processor 'ps7_cortexa9_0' is selected.
15:56:06 INFO  : The application 'C:/Users/13575/Desktop/Project/zynq_sdk_uartadc16bit/zynq_sdk_uartadc16bit.sdk/adc/Debug/adc.elf' is downloaded to processor 'ps7_cortexa9_0'.
15:56:06 INFO  : ----------------XSDB Script----------------
connect -url tcp:127.0.0.1:3121
source C:/Users/13575/Desktop/Project/zynq_sdk_uartadc16bit/zynq_sdk_uartadc16bit.sdk/system_wrapper_hw_platform_0/ps7_init.tcl
targets -set -nocase -filter {name =~"APU*" && jtag_cable_name =~ "Digilent JTAG-HS1 210512180081"} -index 0
stop
ps7_init
targets -set -nocase -filter {name =~ "ARM*#0" && jtag_cable_name =~ "Digilent JTAG-HS1 210512180081"} -index 0
rst -processor
targets -set -nocase -filter {name =~ "ARM*#0" && jtag_cable_name =~ "Digilent JTAG-HS1 210512180081"} -index 0
dow C:/Users/13575/Desktop/Project/zynq_sdk_uartadc16bit/zynq_sdk_uartadc16bit.sdk/adc/Debug/adc.elf
----------------End of Script----------------

15:56:06 INFO  : Context for processor 'ps7_cortexa9_0' is selected.
15:56:06 INFO  : 'con' command is executed.
15:56:06 INFO  : ----------------XSDB Script (After Launch)----------------
targets -set -nocase -filter {name =~ "ARM*#0" && jtag_cable_name =~ "Digilent JTAG-HS1 210512180081"} -index 0
con
----------------End of Script----------------

15:56:06 INFO  : Launch script is exported to file 'C:\Users\13575\Desktop\Project\zynq_sdk_uartadc16bit\zynq_sdk_uartadc16bit.sdk\.sdk\launch_scripts\xilinx_c-c++_application_(system_debugger)\system_debugger_on_local.tcl'
15:58:54 INFO  : Disconnected from the channel tcfchan#15.
15:58:55 INFO  : Connected to target on host '127.0.0.1' and port '3121'.
15:58:55 INFO  : Jtag cable 'Digilent JTAG-HS1 210512180081' is selected.
15:58:55 INFO  : 'jtag frequency' command is executed.
15:58:55 INFO  : Sourcing of 'C:/Users/13575/Desktop/Project/zynq_sdk_uartadc16bit/zynq_sdk_uartadc16bit.sdk/system_wrapper_hw_platform_0/ps7_init.tcl' is done.
15:58:55 INFO  : Context for 'APU' is selected.
15:58:55 INFO  : 'stop' command is executed.
15:58:55 INFO  : 'ps7_init' command is executed.
15:58:55 INFO  : Context for processor 'ps7_cortexa9_0' is selected.
15:58:56 INFO  : Processor reset is completed for 'ps7_cortexa9_0'.
15:58:56 INFO  : Context for processor 'ps7_cortexa9_0' is selected.
15:58:56 INFO  : The application 'C:/Users/13575/Desktop/Project/zynq_sdk_uartadc16bit/zynq_sdk_uartadc16bit.sdk/adc/Debug/adc.elf' is downloaded to processor 'ps7_cortexa9_0'.
15:58:56 INFO  : ----------------XSDB Script----------------
connect -url tcp:127.0.0.1:3121
source C:/Users/13575/Desktop/Project/zynq_sdk_uartadc16bit/zynq_sdk_uartadc16bit.sdk/system_wrapper_hw_platform_0/ps7_init.tcl
targets -set -nocase -filter {name =~"APU*" && jtag_cable_name =~ "Digilent JTAG-HS1 210512180081"} -index 0
stop
ps7_init
targets -set -nocase -filter {name =~ "ARM*#0" && jtag_cable_name =~ "Digilent JTAG-HS1 210512180081"} -index 0
rst -processor
targets -set -nocase -filter {name =~ "ARM*#0" && jtag_cable_name =~ "Digilent JTAG-HS1 210512180081"} -index 0
dow C:/Users/13575/Desktop/Project/zynq_sdk_uartadc16bit/zynq_sdk_uartadc16bit.sdk/adc/Debug/adc.elf
----------------End of Script----------------

15:58:56 INFO  : Context for processor 'ps7_cortexa9_0' is selected.
15:58:56 INFO  : 'con' command is executed.
15:58:56 INFO  : ----------------XSDB Script (After Launch)----------------
targets -set -nocase -filter {name =~ "ARM*#0" && jtag_cable_name =~ "Digilent JTAG-HS1 210512180081"} -index 0
con
----------------End of Script----------------

15:58:56 INFO  : Launch script is exported to file 'C:\Users\13575\Desktop\Project\zynq_sdk_uartadc16bit\zynq_sdk_uartadc16bit.sdk\.sdk\launch_scripts\xilinx_c-c++_application_(system_debugger)\system_debugger_on_local.tcl'
15:59:33 INFO  : Disconnected from the channel tcfchan#16.
15:59:34 INFO  : Connected to target on host '127.0.0.1' and port '3121'.
15:59:34 INFO  : Jtag cable 'Digilent JTAG-HS1 210512180081' is selected.
15:59:34 INFO  : 'jtag frequency' command is executed.
15:59:34 INFO  : Sourcing of 'C:/Users/13575/Desktop/Project/zynq_sdk_uartadc16bit/zynq_sdk_uartadc16bit.sdk/system_wrapper_hw_platform_0/ps7_init.tcl' is done.
15:59:35 INFO  : Context for 'APU' is selected.
15:59:35 INFO  : 'stop' command is executed.
15:59:35 INFO  : 'ps7_init' command is executed.
15:59:35 INFO  : Context for processor 'ps7_cortexa9_0' is selected.
15:59:35 INFO  : Processor reset is completed for 'ps7_cortexa9_0'.
15:59:35 INFO  : Context for processor 'ps7_cortexa9_0' is selected.
15:59:35 INFO  : The application 'C:/Users/13575/Desktop/Project/zynq_sdk_uartadc16bit/zynq_sdk_uartadc16bit.sdk/adc/Debug/adc.elf' is downloaded to processor 'ps7_cortexa9_0'.
15:59:35 INFO  : ----------------XSDB Script----------------
connect -url tcp:127.0.0.1:3121
source C:/Users/13575/Desktop/Project/zynq_sdk_uartadc16bit/zynq_sdk_uartadc16bit.sdk/system_wrapper_hw_platform_0/ps7_init.tcl
targets -set -nocase -filter {name =~"APU*" && jtag_cable_name =~ "Digilent JTAG-HS1 210512180081"} -index 0
stop
ps7_init
targets -set -nocase -filter {name =~ "ARM*#0" && jtag_cable_name =~ "Digilent JTAG-HS1 210512180081"} -index 0
rst -processor
targets -set -nocase -filter {name =~ "ARM*#0" && jtag_cable_name =~ "Digilent JTAG-HS1 210512180081"} -index 0
dow C:/Users/13575/Desktop/Project/zynq_sdk_uartadc16bit/zynq_sdk_uartadc16bit.sdk/adc/Debug/adc.elf
----------------End of Script----------------

15:59:35 INFO  : Context for processor 'ps7_cortexa9_0' is selected.
15:59:35 INFO  : 'con' command is executed.
15:59:35 INFO  : ----------------XSDB Script (After Launch)----------------
targets -set -nocase -filter {name =~ "ARM*#0" && jtag_cable_name =~ "Digilent JTAG-HS1 210512180081"} -index 0
con
----------------End of Script----------------

15:59:35 INFO  : Launch script is exported to file 'C:\Users\13575\Desktop\Project\zynq_sdk_uartadc16bit\zynq_sdk_uartadc16bit.sdk\.sdk\launch_scripts\xilinx_c-c++_application_(system_debugger)\system_debugger_on_local.tcl'
15:59:48 INFO  : Disconnected from the channel tcfchan#17.
15:59:49 INFO  : Connected to target on host '127.0.0.1' and port '3121'.
15:59:49 INFO  : Jtag cable 'Digilent JTAG-HS1 210512180081' is selected.
15:59:49 INFO  : 'jtag frequency' command is executed.
15:59:49 INFO  : Sourcing of 'C:/Users/13575/Desktop/Project/zynq_sdk_uartadc16bit/zynq_sdk_uartadc16bit.sdk/system_wrapper_hw_platform_0/ps7_init.tcl' is done.
15:59:49 INFO  : Context for 'APU' is selected.
15:59:49 INFO  : 'stop' command is executed.
15:59:49 INFO  : 'ps7_init' command is executed.
15:59:49 INFO  : Context for processor 'ps7_cortexa9_0' is selected.
15:59:49 INFO  : Processor reset is completed for 'ps7_cortexa9_0'.
15:59:49 INFO  : Context for processor 'ps7_cortexa9_0' is selected.
15:59:49 INFO  : The application 'C:/Users/13575/Desktop/Project/zynq_sdk_uartadc16bit/zynq_sdk_uartadc16bit.sdk/adc/Debug/adc.elf' is downloaded to processor 'ps7_cortexa9_0'.
15:59:49 INFO  : ----------------XSDB Script----------------
connect -url tcp:127.0.0.1:3121
source C:/Users/13575/Desktop/Project/zynq_sdk_uartadc16bit/zynq_sdk_uartadc16bit.sdk/system_wrapper_hw_platform_0/ps7_init.tcl
targets -set -nocase -filter {name =~"APU*" && jtag_cable_name =~ "Digilent JTAG-HS1 210512180081"} -index 0
stop
ps7_init
targets -set -nocase -filter {name =~ "ARM*#0" && jtag_cable_name =~ "Digilent JTAG-HS1 210512180081"} -index 0
rst -processor
targets -set -nocase -filter {name =~ "ARM*#0" && jtag_cable_name =~ "Digilent JTAG-HS1 210512180081"} -index 0
dow C:/Users/13575/Desktop/Project/zynq_sdk_uartadc16bit/zynq_sdk_uartadc16bit.sdk/adc/Debug/adc.elf
----------------End of Script----------------

15:59:50 INFO  : Context for processor 'ps7_cortexa9_0' is selected.
15:59:50 INFO  : 'con' command is executed.
15:59:50 INFO  : ----------------XSDB Script (After Launch)----------------
targets -set -nocase -filter {name =~ "ARM*#0" && jtag_cable_name =~ "Digilent JTAG-HS1 210512180081"} -index 0
con
----------------End of Script----------------

15:59:50 INFO  : Launch script is exported to file 'C:\Users\13575\Desktop\Project\zynq_sdk_uartadc16bit\zynq_sdk_uartadc16bit.sdk\.sdk\launch_scripts\xilinx_c-c++_application_(system_debugger)\system_debugger_on_local.tcl'
16:02:42 INFO  : Disconnected from the channel tcfchan#18.
16:02:43 INFO  : Connected to target on host '127.0.0.1' and port '3121'.
16:02:43 INFO  : Jtag cable 'Digilent JTAG-HS1 210512180081' is selected.
16:02:43 INFO  : 'jtag frequency' command is executed.
16:02:43 INFO  : Sourcing of 'C:/Users/13575/Desktop/Project/zynq_sdk_uartadc16bit/zynq_sdk_uartadc16bit.sdk/system_wrapper_hw_platform_0/ps7_init.tcl' is done.
16:02:43 INFO  : Context for 'APU' is selected.
16:02:43 INFO  : 'stop' command is executed.
16:02:43 INFO  : 'ps7_init' command is executed.
16:02:44 INFO  : Context for processor 'ps7_cortexa9_0' is selected.
16:02:44 INFO  : Processor reset is completed for 'ps7_cortexa9_0'.
16:02:44 INFO  : Context for processor 'ps7_cortexa9_0' is selected.
16:02:44 INFO  : The application 'C:/Users/13575/Desktop/Project/zynq_sdk_uartadc16bit/zynq_sdk_uartadc16bit.sdk/adc/Debug/adc.elf' is downloaded to processor 'ps7_cortexa9_0'.
16:02:44 INFO  : ----------------XSDB Script----------------
connect -url tcp:127.0.0.1:3121
source C:/Users/13575/Desktop/Project/zynq_sdk_uartadc16bit/zynq_sdk_uartadc16bit.sdk/system_wrapper_hw_platform_0/ps7_init.tcl
targets -set -nocase -filter {name =~"APU*" && jtag_cable_name =~ "Digilent JTAG-HS1 210512180081"} -index 0
stop
ps7_init
targets -set -nocase -filter {name =~ "ARM*#0" && jtag_cable_name =~ "Digilent JTAG-HS1 210512180081"} -index 0
rst -processor
targets -set -nocase -filter {name =~ "ARM*#0" && jtag_cable_name =~ "Digilent JTAG-HS1 210512180081"} -index 0
dow C:/Users/13575/Desktop/Project/zynq_sdk_uartadc16bit/zynq_sdk_uartadc16bit.sdk/adc/Debug/adc.elf
----------------End of Script----------------

16:02:44 INFO  : Context for processor 'ps7_cortexa9_0' is selected.
16:02:44 INFO  : 'con' command is executed.
16:02:44 INFO  : ----------------XSDB Script (After Launch)----------------
targets -set -nocase -filter {name =~ "ARM*#0" && jtag_cable_name =~ "Digilent JTAG-HS1 210512180081"} -index 0
con
----------------End of Script----------------

16:02:44 INFO  : Launch script is exported to file 'C:\Users\13575\Desktop\Project\zynq_sdk_uartadc16bit\zynq_sdk_uartadc16bit.sdk\.sdk\launch_scripts\xilinx_c-c++_application_(system_debugger)\system_debugger_on_local.tcl'
16:03:31 INFO  : Disconnected from the channel tcfchan#19.
16:03:32 INFO  : Connected to target on host '127.0.0.1' and port '3121'.
16:03:32 INFO  : Jtag cable 'Digilent JTAG-HS1 210512180081' is selected.
16:03:32 INFO  : 'jtag frequency' command is executed.
16:03:32 INFO  : Sourcing of 'C:/Users/13575/Desktop/Project/zynq_sdk_uartadc16bit/zynq_sdk_uartadc16bit.sdk/system_wrapper_hw_platform_0/ps7_init.tcl' is done.
16:03:32 INFO  : Context for 'APU' is selected.
16:03:32 INFO  : 'stop' command is executed.
16:03:32 INFO  : 'ps7_init' command is executed.
16:03:32 INFO  : Context for processor 'ps7_cortexa9_0' is selected.
16:03:32 INFO  : Processor reset is completed for 'ps7_cortexa9_0'.
16:03:32 INFO  : Context for processor 'ps7_cortexa9_0' is selected.
16:03:32 INFO  : The application 'C:/Users/13575/Desktop/Project/zynq_sdk_uartadc16bit/zynq_sdk_uartadc16bit.sdk/adc/Debug/adc.elf' is downloaded to processor 'ps7_cortexa9_0'.
16:03:32 INFO  : ----------------XSDB Script----------------
connect -url tcp:127.0.0.1:3121
source C:/Users/13575/Desktop/Project/zynq_sdk_uartadc16bit/zynq_sdk_uartadc16bit.sdk/system_wrapper_hw_platform_0/ps7_init.tcl
targets -set -nocase -filter {name =~"APU*" && jtag_cable_name =~ "Digilent JTAG-HS1 210512180081"} -index 0
stop
ps7_init
targets -set -nocase -filter {name =~ "ARM*#0" && jtag_cable_name =~ "Digilent JTAG-HS1 210512180081"} -index 0
rst -processor
targets -set -nocase -filter {name =~ "ARM*#0" && jtag_cable_name =~ "Digilent JTAG-HS1 210512180081"} -index 0
dow C:/Users/13575/Desktop/Project/zynq_sdk_uartadc16bit/zynq_sdk_uartadc16bit.sdk/adc/Debug/adc.elf
----------------End of Script----------------

16:03:32 INFO  : Context for processor 'ps7_cortexa9_0' is selected.
16:03:32 INFO  : 'con' command is executed.
16:03:32 INFO  : ----------------XSDB Script (After Launch)----------------
targets -set -nocase -filter {name =~ "ARM*#0" && jtag_cable_name =~ "Digilent JTAG-HS1 210512180081"} -index 0
con
----------------End of Script----------------

16:03:32 INFO  : Launch script is exported to file 'C:\Users\13575\Desktop\Project\zynq_sdk_uartadc16bit\zynq_sdk_uartadc16bit.sdk\.sdk\launch_scripts\xilinx_c-c++_application_(system_debugger)\system_debugger_on_local.tcl'
16:07:08 INFO  : Disconnected from the channel tcfchan#20.
16:07:09 INFO  : Connected to target on host '127.0.0.1' and port '3121'.
16:07:09 INFO  : Jtag cable 'Digilent JTAG-HS1 210512180081' is selected.
16:07:09 INFO  : 'jtag frequency' command is executed.
16:07:09 INFO  : Sourcing of 'C:/Users/13575/Desktop/Project/zynq_sdk_uartadc16bit/zynq_sdk_uartadc16bit.sdk/system_wrapper_hw_platform_0/ps7_init.tcl' is done.
16:07:09 INFO  : Context for 'APU' is selected.
16:07:09 INFO  : 'stop' command is executed.
16:07:09 INFO  : 'ps7_init' command is executed.
16:07:09 INFO  : Context for processor 'ps7_cortexa9_0' is selected.
16:07:10 INFO  : Processor reset is completed for 'ps7_cortexa9_0'.
16:07:10 INFO  : Context for processor 'ps7_cortexa9_0' is selected.
16:07:10 INFO  : The application 'C:/Users/13575/Desktop/Project/zynq_sdk_uartadc16bit/zynq_sdk_uartadc16bit.sdk/adc/Debug/adc.elf' is downloaded to processor 'ps7_cortexa9_0'.
16:07:10 INFO  : ----------------XSDB Script----------------
connect -url tcp:127.0.0.1:3121
source C:/Users/13575/Desktop/Project/zynq_sdk_uartadc16bit/zynq_sdk_uartadc16bit.sdk/system_wrapper_hw_platform_0/ps7_init.tcl
targets -set -nocase -filter {name =~"APU*" && jtag_cable_name =~ "Digilent JTAG-HS1 210512180081"} -index 0
stop
ps7_init
targets -set -nocase -filter {name =~ "ARM*#0" && jtag_cable_name =~ "Digilent JTAG-HS1 210512180081"} -index 0
rst -processor
targets -set -nocase -filter {name =~ "ARM*#0" && jtag_cable_name =~ "Digilent JTAG-HS1 210512180081"} -index 0
dow C:/Users/13575/Desktop/Project/zynq_sdk_uartadc16bit/zynq_sdk_uartadc16bit.sdk/adc/Debug/adc.elf
----------------End of Script----------------

16:07:10 INFO  : Context for processor 'ps7_cortexa9_0' is selected.
16:07:10 INFO  : 'con' command is executed.
16:07:10 INFO  : ----------------XSDB Script (After Launch)----------------
targets -set -nocase -filter {name =~ "ARM*#0" && jtag_cable_name =~ "Digilent JTAG-HS1 210512180081"} -index 0
con
----------------End of Script----------------

16:07:10 INFO  : Launch script is exported to file 'C:\Users\13575\Desktop\Project\zynq_sdk_uartadc16bit\zynq_sdk_uartadc16bit.sdk\.sdk\launch_scripts\xilinx_c-c++_application_(system_debugger)\system_debugger_on_local.tcl'
16:57:01 INFO  : Disconnected from the channel tcfchan#21.
16:57:02 INFO  : Connected to target on host '127.0.0.1' and port '3121'.
16:57:02 INFO  : Jtag cable 'Digilent JTAG-HS1 210512180081' is selected.
16:57:02 INFO  : 'jtag frequency' command is executed.
16:57:02 INFO  : Sourcing of 'C:/Users/13575/Desktop/Project/zynq_sdk_uartadc16bit/zynq_sdk_uartadc16bit.sdk/system_wrapper_hw_platform_0/ps7_init.tcl' is done.
16:57:02 INFO  : Context for 'APU' is selected.
16:57:02 INFO  : 'stop' command is executed.
16:57:02 INFO  : 'ps7_init' command is executed.
16:57:02 INFO  : Context for processor 'ps7_cortexa9_0' is selected.
16:57:02 INFO  : Processor reset is completed for 'ps7_cortexa9_0'.
16:57:02 INFO  : Context for processor 'ps7_cortexa9_0' is selected.
16:57:02 INFO  : The application 'C:/Users/13575/Desktop/Project/zynq_sdk_uartadc16bit/zynq_sdk_uartadc16bit.sdk/adc/Debug/adc.elf' is downloaded to processor 'ps7_cortexa9_0'.
16:57:02 INFO  : ----------------XSDB Script----------------
connect -url tcp:127.0.0.1:3121
source C:/Users/13575/Desktop/Project/zynq_sdk_uartadc16bit/zynq_sdk_uartadc16bit.sdk/system_wrapper_hw_platform_0/ps7_init.tcl
targets -set -nocase -filter {name =~"APU*" && jtag_cable_name =~ "Digilent JTAG-HS1 210512180081"} -index 0
stop
ps7_init
targets -set -nocase -filter {name =~ "ARM*#0" && jtag_cable_name =~ "Digilent JTAG-HS1 210512180081"} -index 0
rst -processor
targets -set -nocase -filter {name =~ "ARM*#0" && jtag_cable_name =~ "Digilent JTAG-HS1 210512180081"} -index 0
dow C:/Users/13575/Desktop/Project/zynq_sdk_uartadc16bit/zynq_sdk_uartadc16bit.sdk/adc/Debug/adc.elf
----------------End of Script----------------

16:57:02 INFO  : Context for processor 'ps7_cortexa9_0' is selected.
16:57:02 INFO  : 'con' command is executed.
16:57:02 INFO  : ----------------XSDB Script (After Launch)----------------
targets -set -nocase -filter {name =~ "ARM*#0" && jtag_cable_name =~ "Digilent JTAG-HS1 210512180081"} -index 0
con
----------------End of Script----------------

16:57:02 INFO  : Launch script is exported to file 'C:\Users\13575\Desktop\Project\zynq_sdk_uartadc16bit\zynq_sdk_uartadc16bit.sdk\.sdk\launch_scripts\xilinx_c-c++_application_(system_debugger)\system_debugger_on_local.tcl'
16:59:41 INFO  : Disconnected from the channel tcfchan#22.
16:59:42 INFO  : Connected to target on host '127.0.0.1' and port '3121'.
16:59:42 INFO  : Jtag cable 'Digilent JTAG-HS1 210512180081' is selected.
16:59:42 INFO  : 'jtag frequency' command is executed.
16:59:42 INFO  : Sourcing of 'C:/Users/13575/Desktop/Project/zynq_sdk_uartadc16bit/zynq_sdk_uartadc16bit.sdk/system_wrapper_hw_platform_0/ps7_init.tcl' is done.
16:59:42 INFO  : Context for 'APU' is selected.
16:59:42 INFO  : 'stop' command is executed.
16:59:42 INFO  : 'ps7_init' command is executed.
16:59:42 INFO  : Context for processor 'ps7_cortexa9_0' is selected.
16:59:42 INFO  : Processor reset is completed for 'ps7_cortexa9_0'.
16:59:42 INFO  : Context for processor 'ps7_cortexa9_0' is selected.
16:59:42 INFO  : The application 'C:/Users/13575/Desktop/Project/zynq_sdk_uartadc16bit/zynq_sdk_uartadc16bit.sdk/adc/Debug/adc.elf' is downloaded to processor 'ps7_cortexa9_0'.
16:59:42 INFO  : ----------------XSDB Script----------------
connect -url tcp:127.0.0.1:3121
source C:/Users/13575/Desktop/Project/zynq_sdk_uartadc16bit/zynq_sdk_uartadc16bit.sdk/system_wrapper_hw_platform_0/ps7_init.tcl
targets -set -nocase -filter {name =~"APU*" && jtag_cable_name =~ "Digilent JTAG-HS1 210512180081"} -index 0
stop
ps7_init
targets -set -nocase -filter {name =~ "ARM*#0" && jtag_cable_name =~ "Digilent JTAG-HS1 210512180081"} -index 0
rst -processor
targets -set -nocase -filter {name =~ "ARM*#0" && jtag_cable_name =~ "Digilent JTAG-HS1 210512180081"} -index 0
dow C:/Users/13575/Desktop/Project/zynq_sdk_uartadc16bit/zynq_sdk_uartadc16bit.sdk/adc/Debug/adc.elf
----------------End of Script----------------

16:59:42 INFO  : Context for processor 'ps7_cortexa9_0' is selected.
16:59:42 INFO  : 'con' command is executed.
16:59:42 INFO  : ----------------XSDB Script (After Launch)----------------
targets -set -nocase -filter {name =~ "ARM*#0" && jtag_cable_name =~ "Digilent JTAG-HS1 210512180081"} -index 0
con
----------------End of Script----------------

16:59:42 INFO  : Launch script is exported to file 'C:\Users\13575\Desktop\Project\zynq_sdk_uartadc16bit\zynq_sdk_uartadc16bit.sdk\.sdk\launch_scripts\xilinx_c-c++_application_(system_debugger)\system_debugger_on_local.tcl'
19:30:35 INFO  : Disconnected from the channel tcfchan#23.
19:30:36 INFO  : Connected to target on host '127.0.0.1' and port '3121'.
19:30:36 INFO  : Jtag cable 'Digilent JTAG-HS1 210512180081' is selected.
19:30:36 INFO  : 'jtag frequency' command is executed.
19:30:36 INFO  : Sourcing of 'C:/Users/13575/Desktop/Project/zynq_sdk_uartadc16bit/zynq_sdk_uartadc16bit.sdk/system_wrapper_hw_platform_0/ps7_init.tcl' is done.
19:30:36 INFO  : Context for 'APU' is selected.
19:30:36 INFO  : 'stop' command is executed.
19:30:36 INFO  : 'ps7_init' command is executed.
19:30:36 INFO  : Context for processor 'ps7_cortexa9_0' is selected.
19:30:36 INFO  : Processor reset is completed for 'ps7_cortexa9_0'.
19:30:36 INFO  : Context for processor 'ps7_cortexa9_0' is selected.
19:30:36 INFO  : The application 'C:/Users/13575/Desktop/Project/zynq_sdk_uartadc16bit/zynq_sdk_uartadc16bit.sdk/adc/Debug/adc.elf' is downloaded to processor 'ps7_cortexa9_0'.
19:30:36 INFO  : ----------------XSDB Script----------------
connect -url tcp:127.0.0.1:3121
source C:/Users/13575/Desktop/Project/zynq_sdk_uartadc16bit/zynq_sdk_uartadc16bit.sdk/system_wrapper_hw_platform_0/ps7_init.tcl
targets -set -nocase -filter {name =~"APU*" && jtag_cable_name =~ "Digilent JTAG-HS1 210512180081"} -index 0
stop
ps7_init
targets -set -nocase -filter {name =~ "ARM*#0" && jtag_cable_name =~ "Digilent JTAG-HS1 210512180081"} -index 0
rst -processor
targets -set -nocase -filter {name =~ "ARM*#0" && jtag_cable_name =~ "Digilent JTAG-HS1 210512180081"} -index 0
dow C:/Users/13575/Desktop/Project/zynq_sdk_uartadc16bit/zynq_sdk_uartadc16bit.sdk/adc/Debug/adc.elf
----------------End of Script----------------

19:30:36 INFO  : Context for processor 'ps7_cortexa9_0' is selected.
19:30:36 INFO  : 'con' command is executed.
19:30:36 INFO  : ----------------XSDB Script (After Launch)----------------
targets -set -nocase -filter {name =~ "ARM*#0" && jtag_cable_name =~ "Digilent JTAG-HS1 210512180081"} -index 0
con
----------------End of Script----------------

19:30:36 INFO  : Launch script is exported to file 'C:\Users\13575\Desktop\Project\zynq_sdk_uartadc16bit\zynq_sdk_uartadc16bit.sdk\.sdk\launch_scripts\xilinx_c-c++_application_(system_debugger)\system_debugger_on_local.tcl'
19:31:02 INFO  : Disconnected from the channel tcfchan#24.
19:31:03 INFO  : Connected to target on host '127.0.0.1' and port '3121'.
19:31:03 INFO  : Jtag cable 'Digilent JTAG-HS1 210512180081' is selected.
19:31:03 INFO  : 'jtag frequency' command is executed.
19:31:03 INFO  : Sourcing of 'C:/Users/13575/Desktop/Project/zynq_sdk_uartadc16bit/zynq_sdk_uartadc16bit.sdk/system_wrapper_hw_platform_0/ps7_init.tcl' is done.
19:31:03 INFO  : Context for 'APU' is selected.
19:31:03 INFO  : 'stop' command is executed.
19:31:04 INFO  : 'ps7_init' command is executed.
19:31:04 INFO  : Context for processor 'ps7_cortexa9_0' is selected.
19:31:04 INFO  : Processor reset is completed for 'ps7_cortexa9_0'.
19:31:04 INFO  : Context for processor 'ps7_cortexa9_0' is selected.
19:31:04 INFO  : The application 'C:/Users/13575/Desktop/Project/zynq_sdk_uartadc16bit/zynq_sdk_uartadc16bit.sdk/adc/Debug/adc.elf' is downloaded to processor 'ps7_cortexa9_0'.
19:31:04 INFO  : ----------------XSDB Script----------------
connect -url tcp:127.0.0.1:3121
source C:/Users/13575/Desktop/Project/zynq_sdk_uartadc16bit/zynq_sdk_uartadc16bit.sdk/system_wrapper_hw_platform_0/ps7_init.tcl
targets -set -nocase -filter {name =~"APU*" && jtag_cable_name =~ "Digilent JTAG-HS1 210512180081"} -index 0
stop
ps7_init
targets -set -nocase -filter {name =~ "ARM*#0" && jtag_cable_name =~ "Digilent JTAG-HS1 210512180081"} -index 0
rst -processor
targets -set -nocase -filter {name =~ "ARM*#0" && jtag_cable_name =~ "Digilent JTAG-HS1 210512180081"} -index 0
dow C:/Users/13575/Desktop/Project/zynq_sdk_uartadc16bit/zynq_sdk_uartadc16bit.sdk/adc/Debug/adc.elf
----------------End of Script----------------

19:31:04 INFO  : Context for processor 'ps7_cortexa9_0' is selected.
19:31:04 INFO  : 'con' command is executed.
19:31:04 INFO  : ----------------XSDB Script (After Launch)----------------
targets -set -nocase -filter {name =~ "ARM*#0" && jtag_cable_name =~ "Digilent JTAG-HS1 210512180081"} -index 0
con
----------------End of Script----------------

19:31:04 INFO  : Launch script is exported to file 'C:\Users\13575\Desktop\Project\zynq_sdk_uartadc16bit\zynq_sdk_uartadc16bit.sdk\.sdk\launch_scripts\xilinx_c-c++_application_(system_debugger)\system_debugger_on_local.tcl'
19:32:28 INFO  : Disconnected from the channel tcfchan#25.
19:32:29 INFO  : Connected to target on host '127.0.0.1' and port '3121'.
19:32:29 INFO  : Jtag cable 'Digilent JTAG-HS1 210512180081' is selected.
19:32:29 INFO  : 'jtag frequency' command is executed.
19:32:29 INFO  : Sourcing of 'C:/Users/13575/Desktop/Project/zynq_sdk_uartadc16bit/zynq_sdk_uartadc16bit.sdk/system_wrapper_hw_platform_0/ps7_init.tcl' is done.
19:32:29 INFO  : Context for 'APU' is selected.
19:32:30 INFO  : 'stop' command is executed.
19:32:30 INFO  : 'ps7_init' command is executed.
19:32:30 INFO  : Context for processor 'ps7_cortexa9_0' is selected.
19:32:30 INFO  : Processor reset is completed for 'ps7_cortexa9_0'.
19:32:30 INFO  : Context for processor 'ps7_cortexa9_0' is selected.
19:32:30 INFO  : The application 'C:/Users/13575/Desktop/Project/zynq_sdk_uartadc16bit/zynq_sdk_uartadc16bit.sdk/adc/Debug/adc.elf' is downloaded to processor 'ps7_cortexa9_0'.
19:32:30 INFO  : ----------------XSDB Script----------------
connect -url tcp:127.0.0.1:3121
source C:/Users/13575/Desktop/Project/zynq_sdk_uartadc16bit/zynq_sdk_uartadc16bit.sdk/system_wrapper_hw_platform_0/ps7_init.tcl
targets -set -nocase -filter {name =~"APU*" && jtag_cable_name =~ "Digilent JTAG-HS1 210512180081"} -index 0
stop
ps7_init
targets -set -nocase -filter {name =~ "ARM*#0" && jtag_cable_name =~ "Digilent JTAG-HS1 210512180081"} -index 0
rst -processor
targets -set -nocase -filter {name =~ "ARM*#0" && jtag_cable_name =~ "Digilent JTAG-HS1 210512180081"} -index 0
dow C:/Users/13575/Desktop/Project/zynq_sdk_uartadc16bit/zynq_sdk_uartadc16bit.sdk/adc/Debug/adc.elf
----------------End of Script----------------

19:32:30 INFO  : Context for processor 'ps7_cortexa9_0' is selected.
19:32:30 INFO  : 'con' command is executed.
19:32:30 INFO  : ----------------XSDB Script (After Launch)----------------
targets -set -nocase -filter {name =~ "ARM*#0" && jtag_cable_name =~ "Digilent JTAG-HS1 210512180081"} -index 0
con
----------------End of Script----------------

19:32:30 INFO  : Launch script is exported to file 'C:\Users\13575\Desktop\Project\zynq_sdk_uartadc16bit\zynq_sdk_uartadc16bit.sdk\.sdk\launch_scripts\xilinx_c-c++_application_(system_debugger)\system_debugger_on_local.tcl'
19:34:31 INFO  : Disconnected from the channel tcfchan#26.
19:34:32 INFO  : Connected to target on host '127.0.0.1' and port '3121'.
19:34:32 INFO  : Jtag cable 'Digilent JTAG-HS1 210512180081' is selected.
19:34:32 INFO  : 'jtag frequency' command is executed.
19:34:32 INFO  : Sourcing of 'C:/Users/13575/Desktop/Project/zynq_sdk_uartadc16bit/zynq_sdk_uartadc16bit.sdk/system_wrapper_hw_platform_0/ps7_init.tcl' is done.
19:34:32 INFO  : Context for 'APU' is selected.
19:34:32 INFO  : 'stop' command is executed.
19:34:32 INFO  : 'ps7_init' command is executed.
19:34:32 INFO  : Context for processor 'ps7_cortexa9_0' is selected.
19:34:32 INFO  : Processor reset is completed for 'ps7_cortexa9_0'.
19:34:32 INFO  : Context for processor 'ps7_cortexa9_0' is selected.
19:34:32 INFO  : The application 'C:/Users/13575/Desktop/Project/zynq_sdk_uartadc16bit/zynq_sdk_uartadc16bit.sdk/adc/Debug/adc.elf' is downloaded to processor 'ps7_cortexa9_0'.
19:34:32 INFO  : ----------------XSDB Script----------------
connect -url tcp:127.0.0.1:3121
source C:/Users/13575/Desktop/Project/zynq_sdk_uartadc16bit/zynq_sdk_uartadc16bit.sdk/system_wrapper_hw_platform_0/ps7_init.tcl
targets -set -nocase -filter {name =~"APU*" && jtag_cable_name =~ "Digilent JTAG-HS1 210512180081"} -index 0
stop
ps7_init
targets -set -nocase -filter {name =~ "ARM*#0" && jtag_cable_name =~ "Digilent JTAG-HS1 210512180081"} -index 0
rst -processor
targets -set -nocase -filter {name =~ "ARM*#0" && jtag_cable_name =~ "Digilent JTAG-HS1 210512180081"} -index 0
dow C:/Users/13575/Desktop/Project/zynq_sdk_uartadc16bit/zynq_sdk_uartadc16bit.sdk/adc/Debug/adc.elf
----------------End of Script----------------

19:34:33 INFO  : Context for processor 'ps7_cortexa9_0' is selected.
19:34:33 INFO  : 'con' command is executed.
19:34:33 INFO  : ----------------XSDB Script (After Launch)----------------
targets -set -nocase -filter {name =~ "ARM*#0" && jtag_cable_name =~ "Digilent JTAG-HS1 210512180081"} -index 0
con
----------------End of Script----------------

19:34:33 INFO  : Launch script is exported to file 'C:\Users\13575\Desktop\Project\zynq_sdk_uartadc16bit\zynq_sdk_uartadc16bit.sdk\.sdk\launch_scripts\xilinx_c-c++_application_(system_debugger)\system_debugger_on_local.tcl'
19:36:14 INFO  : Disconnected from the channel tcfchan#27.
19:36:15 INFO  : Connected to target on host '127.0.0.1' and port '3121'.
19:36:15 INFO  : Jtag cable 'Digilent JTAG-HS1 210512180081' is selected.
19:36:15 INFO  : 'jtag frequency' command is executed.
19:36:15 INFO  : Sourcing of 'C:/Users/13575/Desktop/Project/zynq_sdk_uartadc16bit/zynq_sdk_uartadc16bit.sdk/system_wrapper_hw_platform_0/ps7_init.tcl' is done.
19:36:15 INFO  : Context for 'APU' is selected.
19:36:15 INFO  : 'stop' command is executed.
19:36:15 INFO  : 'ps7_init' command is executed.
19:36:15 INFO  : Context for processor 'ps7_cortexa9_0' is selected.
19:36:15 INFO  : Processor reset is completed for 'ps7_cortexa9_0'.
19:36:15 INFO  : Context for processor 'ps7_cortexa9_0' is selected.
19:36:15 INFO  : The application 'C:/Users/13575/Desktop/Project/zynq_sdk_uartadc16bit/zynq_sdk_uartadc16bit.sdk/adc/Debug/adc.elf' is downloaded to processor 'ps7_cortexa9_0'.
19:36:15 INFO  : ----------------XSDB Script----------------
connect -url tcp:127.0.0.1:3121
source C:/Users/13575/Desktop/Project/zynq_sdk_uartadc16bit/zynq_sdk_uartadc16bit.sdk/system_wrapper_hw_platform_0/ps7_init.tcl
targets -set -nocase -filter {name =~"APU*" && jtag_cable_name =~ "Digilent JTAG-HS1 210512180081"} -index 0
stop
ps7_init
targets -set -nocase -filter {name =~ "ARM*#0" && jtag_cable_name =~ "Digilent JTAG-HS1 210512180081"} -index 0
rst -processor
targets -set -nocase -filter {name =~ "ARM*#0" && jtag_cable_name =~ "Digilent JTAG-HS1 210512180081"} -index 0
dow C:/Users/13575/Desktop/Project/zynq_sdk_uartadc16bit/zynq_sdk_uartadc16bit.sdk/adc/Debug/adc.elf
----------------End of Script----------------

19:36:15 INFO  : Context for processor 'ps7_cortexa9_0' is selected.
19:36:15 INFO  : 'con' command is executed.
19:36:15 INFO  : ----------------XSDB Script (After Launch)----------------
targets -set -nocase -filter {name =~ "ARM*#0" && jtag_cable_name =~ "Digilent JTAG-HS1 210512180081"} -index 0
con
----------------End of Script----------------

19:36:15 INFO  : Launch script is exported to file 'C:\Users\13575\Desktop\Project\zynq_sdk_uartadc16bit\zynq_sdk_uartadc16bit.sdk\.sdk\launch_scripts\xilinx_c-c++_application_(system_debugger)\system_debugger_on_local.tcl'
19:37:44 INFO  : Disconnected from the channel tcfchan#28.
19:41:54 INFO  : Registering command handlers for SDK TCF services
19:41:54 INFO  : Launching XSCT server: xsct.bat -interactive C:\Users\13575\Desktop\Project\zynq_sdk_uartadc16bit\zynq_sdk_uartadc16bit.sdk\temp_xsdb_launch_script.tcl
19:41:56 INFO  : XSCT server has started successfully.
19:41:58 INFO  : Successfully done setting XSCT server connection channel  
19:41:58 INFO  : Processing command line option -hwspec C:/Users/13575/Desktop/Project/zynq_sdk_uartadc16bit/zynq_sdk_uartadc16bit.sdk/system_wrapper.hdf.
19:41:58 INFO  : Successfully done setting SDK workspace  
19:41:59 INFO  : Checking for hwspec changes in the project system_wrapper_hw_platform_0.
