
*** Running vivado
    with args -log system_wrapper.vds -m64 -product Vivado -mode batch -messageDb vivado.pb -notrace -source system_wrapper.tcl


****** Vivado v2017.1 (64-bit)
  **** SW Build 1846317 on Fri Apr 14 18:55:03 MDT 2017
  **** IP Build 1846188 on Fri Apr 14 20:52:08 MDT 2017
    ** Copyright 1986-2017 Xilinx, Inc. All Rights Reserved.

source system_wrapper.tcl -notrace
INFO: [IP_Flow 19-234] Refreshing IP repositories
INFO: [IP_Flow 19-1704] No user IP repositories specified
INFO: [IP_Flow 19-2313] Loaded Vivado IP repository 'C:/Xilinx/Vivado/2017.1/data/ip'.
Command: synth_design -top system_wrapper -part xc7z020clg400-2
Starting synth_design
Attempting to get a license for feature 'Synthesis' and/or device 'xc7z020-clg400'
INFO: [Common 17-349] Got license for feature 'Synthesis' and/or device 'xc7z020-clg400'
INFO: Launching helper process for spawning children vivado processes
INFO: Helper process launched with PID 14996 
---------------------------------------------------------------------------------
Starting RTL Elaboration : Time (s): cpu = 00:00:01 ; elapsed = 00:00:01 . Memory (MB): peak = 323.398 ; gain = 83.797
---------------------------------------------------------------------------------
INFO: [Synth 8-638] synthesizing module 'system_wrapper' [C:/Users/13575/Desktop/Project/zynq/GPIO_EMIO/GPIO_EMIO.srcs/sources_1/bd/system/hdl/system_wrapper.v:12]
INFO: [Synth 8-638] synthesizing module 'IOBUF' [C:/Xilinx/Vivado/2017.1/scripts/rt/data/unisim_comp.v:17657]
	Parameter DRIVE bound to: 12 - type: integer 
	Parameter IBUF_LOW_PWR bound to: TRUE - type: string 
	Parameter IOSTANDARD bound to: DEFAULT - type: string 
	Parameter SLEW bound to: SLOW - type: string 
INFO: [Synth 8-256] done synthesizing module 'IOBUF' (1#1) [C:/Xilinx/Vivado/2017.1/scripts/rt/data/unisim_comp.v:17657]
INFO: [Synth 8-638] synthesizing module 'system' [C:/Users/13575/Desktop/Project/zynq/GPIO_EMIO/GPIO_EMIO.srcs/sources_1/bd/system/hdl/system.v:13]
INFO: [Synth 8-638] synthesizing module 'system_processing_system7_0_0' [c:/Users/13575/Desktop/Project/zynq/GPIO_EMIO/GPIO_EMIO.srcs/sources_1/bd/system/ip/system_processing_system7_0_0/synth/system_processing_system7_0_0.v:60]
INFO: [Synth 8-638] synthesizing module 'processing_system7_v5_5_processing_system7' [c:/Users/13575/Desktop/Project/zynq/GPIO_EMIO/GPIO_EMIO.srcs/sources_1/bd/system/ip/system_processing_system7_0_0/hdl/verilog/processing_system7_v5_5_processing_system7.v:161]
	Parameter C_USE_DEFAULT_ACP_USER_VAL bound to: 0 - type: integer 
	Parameter C_S_AXI_ACP_ARUSER_VAL bound to: 31 - type: integer 
	Parameter C_S_AXI_ACP_AWUSER_VAL bound to: 31 - type: integer 
	Parameter C_M_AXI_GP0_THREAD_ID_WIDTH bound to: 12 - type: integer 
	Parameter C_M_AXI_GP1_THREAD_ID_WIDTH bound to: 12 - type: integer 
	Parameter C_M_AXI_GP0_ENABLE_STATIC_REMAP bound to: 0 - type: integer 
	Parameter C_M_AXI_GP1_ENABLE_STATIC_REMAP bound to: 0 - type: integer 
	Parameter C_M_AXI_GP0_ID_WIDTH bound to: 12 - type: integer 
	Parameter C_M_AXI_GP1_ID_WIDTH bound to: 12 - type: integer 
	Parameter C_S_AXI_GP0_ID_WIDTH bound to: 6 - type: integer 
	Parameter C_S_AXI_GP1_ID_WIDTH bound to: 6 - type: integer 
	Parameter C_S_AXI_HP0_ID_WIDTH bound to: 6 - type: integer 
	Parameter C_S_AXI_HP1_ID_WIDTH bound to: 6 - type: integer 
	Parameter C_S_AXI_HP2_ID_WIDTH bound to: 6 - type: integer 
	Parameter C_S_AXI_HP3_ID_WIDTH bound to: 6 - type: integer 
	Parameter C_S_AXI_ACP_ID_WIDTH bound to: 3 - type: integer 
	Parameter C_S_AXI_HP0_DATA_WIDTH bound to: 64 - type: integer 
	Parameter C_S_AXI_HP1_DATA_WIDTH bound to: 64 - type: integer 
	Parameter C_S_AXI_HP2_DATA_WIDTH bound to: 64 - type: integer 
	Parameter C_S_AXI_HP3_DATA_WIDTH bound to: 64 - type: integer 
	Parameter C_INCLUDE_ACP_TRANS_CHECK bound to: 0 - type: integer 
	Parameter C_NUM_F2P_INTR_INPUTS bound to: 1 - type: integer 
	Parameter C_FCLK_CLK0_BUF bound to: FALSE - type: string 
	Parameter C_FCLK_CLK1_BUF bound to: FALSE - type: string 
	Parameter C_FCLK_CLK2_BUF bound to: FALSE - type: string 
	Parameter C_FCLK_CLK3_BUF bound to: FALSE - type: string 
	Parameter C_EMIO_GPIO_WIDTH bound to: 1 - type: integer 
	Parameter C_INCLUDE_TRACE_BUFFER bound to: 0 - type: integer 
	Parameter C_TRACE_BUFFER_FIFO_SIZE bound to: 128 - type: integer 
	Parameter C_TRACE_BUFFER_CLOCK_DELAY bound to: 12 - type: integer 
	Parameter USE_TRACE_DATA_EDGE_DETECTOR bound to: 0 - type: integer 
	Parameter C_TRACE_PIPELINE_WIDTH bound to: 8 - type: integer 
	Parameter C_PS7_SI_REV bound to: PRODUCTION - type: string 
	Parameter C_EN_EMIO_ENET0 bound to: 0 - type: integer 
	Parameter C_EN_EMIO_ENET1 bound to: 0 - type: integer 
	Parameter C_EN_EMIO_TRACE bound to: 0 - type: integer 
	Parameter C_DQ_WIDTH bound to: 32 - type: integer 
	Parameter C_DQS_WIDTH bound to: 4 - type: integer 
	Parameter C_DM_WIDTH bound to: 4 - type: integer 
	Parameter C_MIO_PRIMITIVE bound to: 54 - type: integer 
	Parameter C_PACKAGE_NAME bound to: clg400 - type: string 
	Parameter C_IRQ_F2P_MODE bound to: DIRECT - type: string 
	Parameter C_TRACE_INTERNAL_WIDTH bound to: 2 - type: integer 
	Parameter C_EN_EMIO_PJTAG bound to: 0 - type: integer 
	Parameter C_USE_AXI_NONSECURE bound to: 0 - type: integer 
	Parameter C_USE_S_AXI_HP0 bound to: 0 - type: integer 
	Parameter C_USE_S_AXI_HP1 bound to: 0 - type: integer 
	Parameter C_USE_S_AXI_HP2 bound to: 0 - type: integer 
	Parameter C_USE_S_AXI_HP3 bound to: 0 - type: integer 
	Parameter C_USE_M_AXI_GP0 bound to: 0 - type: integer 
	Parameter C_USE_M_AXI_GP1 bound to: 0 - type: integer 
	Parameter C_USE_S_AXI_GP0 bound to: 0 - type: integer 
	Parameter C_USE_S_AXI_GP1 bound to: 0 - type: integer 
	Parameter C_USE_S_AXI_ACP bound to: 0 - type: integer 
	Parameter C_GP0_EN_MODIFIABLE_TXN bound to: 0 - type: integer 
	Parameter C_GP1_EN_MODIFIABLE_TXN bound to: 0 - type: integer 
INFO: [Synth 8-5534] Detected attribute (* keep = "true" *) [c:/Users/13575/Desktop/Project/zynq/GPIO_EMIO/GPIO_EMIO.srcs/sources_1/bd/system/ip/system_processing_system7_0_0/hdl/verilog/processing_system7_v5_5_processing_system7.v:1347]
INFO: [Synth 8-5534] Detected attribute (* keep = "true" *) [c:/Users/13575/Desktop/Project/zynq/GPIO_EMIO/GPIO_EMIO.srcs/sources_1/bd/system/ip/system_processing_system7_0_0/hdl/verilog/processing_system7_v5_5_processing_system7.v:1348]
INFO: [Synth 8-638] synthesizing module 'BIBUF' [C:/Xilinx/Vivado/2017.1/scripts/rt/data/unisim_comp.v:268]
INFO: [Synth 8-256] done synthesizing module 'BIBUF' (2#1) [C:/Xilinx/Vivado/2017.1/scripts/rt/data/unisim_comp.v:268]
INFO: [Synth 8-638] synthesizing module 'PS7' [C:/Xilinx/Vivado/2017.1/scripts/rt/data/unisim_comp.v:33527]
INFO: [Synth 8-256] done synthesizing module 'PS7' (3#1) [C:/Xilinx/Vivado/2017.1/scripts/rt/data/unisim_comp.v:33527]
INFO: [Synth 8-256] done synthesizing module 'processing_system7_v5_5_processing_system7' (4#1) [c:/Users/13575/Desktop/Project/zynq/GPIO_EMIO/GPIO_EMIO.srcs/sources_1/bd/system/ip/system_processing_system7_0_0/hdl/verilog/processing_system7_v5_5_processing_system7.v:161]
WARNING: [Synth 8-350] instance 'inst' of module 'processing_system7_v5_5_processing_system7' requires 685 connections, but only 672 given [c:/Users/13575/Desktop/Project/zynq/GPIO_EMIO/GPIO_EMIO.srcs/sources_1/bd/system/ip/system_processing_system7_0_0/synth/system_processing_system7_0_0.v:192]
INFO: [Synth 8-256] done synthesizing module 'system_processing_system7_0_0' (5#1) [c:/Users/13575/Desktop/Project/zynq/GPIO_EMIO/GPIO_EMIO.srcs/sources_1/bd/system/ip/system_processing_system7_0_0/synth/system_processing_system7_0_0.v:60]
INFO: [Synth 8-256] done synthesizing module 'system' (6#1) [C:/Users/13575/Desktop/Project/zynq/GPIO_EMIO/GPIO_EMIO.srcs/sources_1/bd/system/hdl/system.v:13]
INFO: [Synth 8-256] done synthesizing module 'system_wrapper' (7#1) [C:/Users/13575/Desktop/Project/zynq/GPIO_EMIO/GPIO_EMIO.srcs/sources_1/bd/system/hdl/system_wrapper.v:12]
WARNING: [Synth 8-3331] design processing_system7_v5_5_processing_system7 has unconnected port ENET0_GMII_COL
WARNING: [Synth 8-3331] design processing_system7_v5_5_processing_system7 has unconnected port ENET0_GMII_CRS
WARNING: [Synth 8-3331] design processing_system7_v5_5_processing_system7 has unconnected port ENET0_GMII_RX_DV
WARNING: [Synth 8-3331] design processing_system7_v5_5_processing_system7 has unconnected port ENET0_GMII_RX_ER
WARNING: [Synth 8-3331] design processing_system7_v5_5_processing_system7 has unconnected port ENET0_GMII_RXD[7]
WARNING: [Synth 8-3331] design processing_system7_v5_5_processing_system7 has unconnected port ENET0_GMII_RXD[6]
WARNING: [Synth 8-3331] design processing_system7_v5_5_processing_system7 has unconnected port ENET0_GMII_RXD[5]
WARNING: [Synth 8-3331] design processing_system7_v5_5_processing_system7 has unconnected port ENET0_GMII_RXD[4]
WARNING: [Synth 8-3331] design processing_system7_v5_5_processing_system7 has unconnected port ENET0_GMII_RXD[3]
WARNING: [Synth 8-3331] design processing_system7_v5_5_processing_system7 has unconnected port ENET0_GMII_RXD[2]
WARNING: [Synth 8-3331] design processing_system7_v5_5_processing_system7 has unconnected port ENET0_GMII_RXD[1]
WARNING: [Synth 8-3331] design processing_system7_v5_5_processing_system7 has unconnected port ENET0_GMII_RXD[0]
WARNING: [Synth 8-3331] design processing_system7_v5_5_processing_system7 has unconnected port ENET1_GMII_COL
WARNING: [Synth 8-3331] design processing_system7_v5_5_processing_system7 has unconnected port ENET1_GMII_CRS
WARNING: [Synth 8-3331] design processing_system7_v5_5_processing_system7 has unconnected port ENET1_GMII_RX_DV
WARNING: [Synth 8-3331] design processing_system7_v5_5_processing_system7 has unconnected port ENET1_GMII_RX_ER
WARNING: [Synth 8-3331] design processing_system7_v5_5_processing_system7 has unconnected port ENET1_GMII_RXD[7]
WARNING: [Synth 8-3331] design processing_system7_v5_5_processing_system7 has unconnected port ENET1_GMII_RXD[6]
WARNING: [Synth 8-3331] design processing_system7_v5_5_processing_system7 has unconnected port ENET1_GMII_RXD[5]
WARNING: [Synth 8-3331] design processing_system7_v5_5_processing_system7 has unconnected port ENET1_GMII_RXD[4]
WARNING: [Synth 8-3331] design processing_system7_v5_5_processing_system7 has unconnected port ENET1_GMII_RXD[3]
WARNING: [Synth 8-3331] design processing_system7_v5_5_processing_system7 has unconnected port ENET1_GMII_RXD[2]
WARNING: [Synth 8-3331] design processing_system7_v5_5_processing_system7 has unconnected port ENET1_GMII_RXD[1]
WARNING: [Synth 8-3331] design processing_system7_v5_5_processing_system7 has unconnected port ENET1_GMII_RXD[0]
WARNING: [Synth 8-3331] design processing_system7_v5_5_processing_system7 has unconnected port S_AXI_GP0_ARSIZE[2]
WARNING: [Synth 8-3331] design processing_system7_v5_5_processing_system7 has unconnected port S_AXI_GP0_AWSIZE[2]
WARNING: [Synth 8-3331] design processing_system7_v5_5_processing_system7 has unconnected port S_AXI_GP1_ARSIZE[2]
WARNING: [Synth 8-3331] design processing_system7_v5_5_processing_system7 has unconnected port S_AXI_GP1_AWSIZE[2]
WARNING: [Synth 8-3331] design processing_system7_v5_5_processing_system7 has unconnected port S_AXI_ACP_ARSIZE[2]
WARNING: [Synth 8-3331] design processing_system7_v5_5_processing_system7 has unconnected port S_AXI_ACP_AWSIZE[2]
WARNING: [Synth 8-3331] design processing_system7_v5_5_processing_system7 has unconnected port S_AXI_HP0_ARSIZE[2]
WARNING: [Synth 8-3331] design processing_system7_v5_5_processing_system7 has unconnected port S_AXI_HP0_AWSIZE[2]
WARNING: [Synth 8-3331] design processing_system7_v5_5_processing_system7 has unconnected port S_AXI_HP1_ARSIZE[2]
WARNING: [Synth 8-3331] design processing_system7_v5_5_processing_system7 has unconnected port S_AXI_HP1_AWSIZE[2]
WARNING: [Synth 8-3331] design processing_system7_v5_5_processing_system7 has unconnected port S_AXI_HP2_ARSIZE[2]
WARNING: [Synth 8-3331] design processing_system7_v5_5_processing_system7 has unconnected port S_AXI_HP2_AWSIZE[2]
WARNING: [Synth 8-3331] design processing_system7_v5_5_processing_system7 has unconnected port S_AXI_HP3_ARSIZE[2]
WARNING: [Synth 8-3331] design processing_system7_v5_5_processing_system7 has unconnected port S_AXI_HP3_AWSIZE[2]
WARNING: [Synth 8-3331] design processing_system7_v5_5_processing_system7 has unconnected port FCLK_CLKTRIG3_N
WARNING: [Synth 8-3331] design processing_system7_v5_5_processing_system7 has unconnected port FCLK_CLKTRIG2_N
WARNING: [Synth 8-3331] design processing_system7_v5_5_processing_system7 has unconnected port FCLK_CLKTRIG1_N
WARNING: [Synth 8-3331] design processing_system7_v5_5_processing_system7 has unconnected port FCLK_CLKTRIG0_N
WARNING: [Synth 8-3331] design processing_system7_v5_5_processing_system7 has unconnected port FTMD_TRACEIN_DATA[31]
WARNING: [Synth 8-3331] design processing_system7_v5_5_processing_system7 has unconnected port FTMD_TRACEIN_DATA[30]
WARNING: [Synth 8-3331] design processing_system7_v5_5_processing_system7 has unconnected port FTMD_TRACEIN_DATA[29]
WARNING: [Synth 8-3331] design processing_system7_v5_5_processing_system7 has unconnected port FTMD_TRACEIN_DATA[28]
WARNING: [Synth 8-3331] design processing_system7_v5_5_processing_system7 has unconnected port FTMD_TRACEIN_DATA[27]
WARNING: [Synth 8-3331] design processing_system7_v5_5_processing_system7 has unconnected port FTMD_TRACEIN_DATA[26]
WARNING: [Synth 8-3331] design processing_system7_v5_5_processing_system7 has unconnected port FTMD_TRACEIN_DATA[25]
WARNING: [Synth 8-3331] design processing_system7_v5_5_processing_system7 has unconnected port FTMD_TRACEIN_DATA[24]
WARNING: [Synth 8-3331] design processing_system7_v5_5_processing_system7 has unconnected port FTMD_TRACEIN_DATA[23]
WARNING: [Synth 8-3331] design processing_system7_v5_5_processing_system7 has unconnected port FTMD_TRACEIN_DATA[22]
WARNING: [Synth 8-3331] design processing_system7_v5_5_processing_system7 has unconnected port FTMD_TRACEIN_DATA[21]
WARNING: [Synth 8-3331] design processing_system7_v5_5_processing_system7 has unconnected port FTMD_TRACEIN_DATA[20]
WARNING: [Synth 8-3331] design processing_system7_v5_5_processing_system7 has unconnected port FTMD_TRACEIN_DATA[19]
WARNING: [Synth 8-3331] design processing_system7_v5_5_processing_system7 has unconnected port FTMD_TRACEIN_DATA[18]
WARNING: [Synth 8-3331] design processing_system7_v5_5_processing_system7 has unconnected port FTMD_TRACEIN_DATA[17]
WARNING: [Synth 8-3331] design processing_system7_v5_5_processing_system7 has unconnected port FTMD_TRACEIN_DATA[16]
WARNING: [Synth 8-3331] design processing_system7_v5_5_processing_system7 has unconnected port FTMD_TRACEIN_DATA[15]
WARNING: [Synth 8-3331] design processing_system7_v5_5_processing_system7 has unconnected port FTMD_TRACEIN_DATA[14]
WARNING: [Synth 8-3331] design processing_system7_v5_5_processing_system7 has unconnected port FTMD_TRACEIN_DATA[13]
WARNING: [Synth 8-3331] design processing_system7_v5_5_processing_system7 has unconnected port FTMD_TRACEIN_DATA[12]
WARNING: [Synth 8-3331] design processing_system7_v5_5_processing_system7 has unconnected port FTMD_TRACEIN_DATA[11]
WARNING: [Synth 8-3331] design processing_system7_v5_5_processing_system7 has unconnected port FTMD_TRACEIN_DATA[10]
WARNING: [Synth 8-3331] design processing_system7_v5_5_processing_system7 has unconnected port FTMD_TRACEIN_DATA[9]
WARNING: [Synth 8-3331] design processing_system7_v5_5_processing_system7 has unconnected port FTMD_TRACEIN_DATA[8]
WARNING: [Synth 8-3331] design processing_system7_v5_5_processing_system7 has unconnected port FTMD_TRACEIN_DATA[7]
WARNING: [Synth 8-3331] design processing_system7_v5_5_processing_system7 has unconnected port FTMD_TRACEIN_DATA[6]
WARNING: [Synth 8-3331] design processing_system7_v5_5_processing_system7 has unconnected port FTMD_TRACEIN_DATA[5]
WARNING: [Synth 8-3331] design processing_system7_v5_5_processing_system7 has unconnected port FTMD_TRACEIN_DATA[4]
WARNING: [Synth 8-3331] design processing_system7_v5_5_processing_system7 has unconnected port FTMD_TRACEIN_DATA[3]
WARNING: [Synth 8-3331] design processing_system7_v5_5_processing_system7 has unconnected port FTMD_TRACEIN_DATA[2]
WARNING: [Synth 8-3331] design processing_system7_v5_5_processing_system7 has unconnected port FTMD_TRACEIN_DATA[1]
WARNING: [Synth 8-3331] design processing_system7_v5_5_processing_system7 has unconnected port FTMD_TRACEIN_DATA[0]
WARNING: [Synth 8-3331] design processing_system7_v5_5_processing_system7 has unconnected port FTMD_TRACEIN_VALID
WARNING: [Synth 8-3331] design processing_system7_v5_5_processing_system7 has unconnected port FTMD_TRACEIN_ATID[3]
WARNING: [Synth 8-3331] design processing_system7_v5_5_processing_system7 has unconnected port FTMD_TRACEIN_ATID[2]
WARNING: [Synth 8-3331] design processing_system7_v5_5_processing_system7 has unconnected port FTMD_TRACEIN_ATID[1]
WARNING: [Synth 8-3331] design processing_system7_v5_5_processing_system7 has unconnected port FTMD_TRACEIN_ATID[0]
---------------------------------------------------------------------------------
Finished RTL Elaboration : Time (s): cpu = 00:00:01 ; elapsed = 00:00:02 . Memory (MB): peak = 363.727 ; gain = 124.125
---------------------------------------------------------------------------------

Report Check Netlist: 
+------+------------------+-------+---------+-------+------------------+
|      |Item              |Errors |Warnings |Status |Description       |
+------+------------------+-------+---------+-------+------------------+
|1     |multi_driven_nets |      0|        0|Passed |Multi driven nets |
+------+------------------+-------+---------+-------+------------------+
---------------------------------------------------------------------------------
Finished RTL Optimization Phase 1 : Time (s): cpu = 00:00:01 ; elapsed = 00:00:02 . Memory (MB): peak = 363.727 ; gain = 124.125
---------------------------------------------------------------------------------
INFO: [Netlist 29-17] Analyzing 1 Unisim elements for replacement
INFO: [Netlist 29-28] Unisim Transformation completed in 0 CPU seconds
INFO: [Device 21-403] Loading part xc7z020clg400-2
INFO: [Project 1-570] Preparing netlist for logic optimization

Processing XDC Constraints
Initializing timing engine
Parsing XDC File [c:/Users/13575/Desktop/Project/zynq/GPIO_EMIO/GPIO_EMIO.srcs/sources_1/bd/system/ip/system_processing_system7_0_0/system_processing_system7_0_0.xdc] for cell 'system_i/processing_system7_0/inst'
Finished Parsing XDC File [c:/Users/13575/Desktop/Project/zynq/GPIO_EMIO/GPIO_EMIO.srcs/sources_1/bd/system/ip/system_processing_system7_0_0/system_processing_system7_0_0.xdc] for cell 'system_i/processing_system7_0/inst'
INFO: [Project 1-236] Implementation specific constraints were found while reading constraint file [c:/Users/13575/Desktop/Project/zynq/GPIO_EMIO/GPIO_EMIO.srcs/sources_1/bd/system/ip/system_processing_system7_0_0/system_processing_system7_0_0.xdc]. These constraints will be ignored for synthesis but will be used in implementation. Impacted constraints are listed in the file [.Xil/system_wrapper_propImpl.xdc].
Resolution: To avoid this warning, move constraints listed in [.Xil/system_wrapper_propImpl.xdc] to another XDC file and exclude this new file from synthesis with the used_in_synthesis property (File Properties dialog in GUI) and re-run elaboration/synthesis.
Parsing XDC File [C:/Users/13575/Desktop/Project/zynq/GPIO_EMIO/GPIO_EMIO.srcs/constrs_1/new/Navigator.xdc]
Finished Parsing XDC File [C:/Users/13575/Desktop/Project/zynq/GPIO_EMIO/GPIO_EMIO.srcs/constrs_1/new/Navigator.xdc]
INFO: [Project 1-236] Implementation specific constraints were found while reading constraint file [C:/Users/13575/Desktop/Project/zynq/GPIO_EMIO/GPIO_EMIO.srcs/constrs_1/new/Navigator.xdc]. These constraints will be ignored for synthesis but will be used in implementation. Impacted constraints are listed in the file [.Xil/system_wrapper_propImpl.xdc].
Resolution: To avoid this warning, move constraints listed in [.Xil/system_wrapper_propImpl.xdc] to another XDC file and exclude this new file from synthesis with the used_in_synthesis property (File Properties dialog in GUI) and re-run elaboration/synthesis.
Parsing XDC File [C:/Users/13575/Desktop/Project/zynq/GPIO_EMIO/GPIO_EMIO.runs/synth_1/dont_touch.xdc]
Finished Parsing XDC File [C:/Users/13575/Desktop/Project/zynq/GPIO_EMIO/GPIO_EMIO.runs/synth_1/dont_touch.xdc]
INFO: [Project 1-236] Implementation specific constraints were found while reading constraint file [C:/Users/13575/Desktop/Project/zynq/GPIO_EMIO/GPIO_EMIO.runs/synth_1/dont_touch.xdc]. These constraints will be ignored for synthesis but will be used in implementation. Impacted constraints are listed in the file [.Xil/system_wrapper_propImpl.xdc].
Resolution: To avoid this warning, move constraints listed in [.Xil/system_wrapper_propImpl.xdc] to another XDC file and exclude this new file from synthesis with the used_in_synthesis property (File Properties dialog in GUI) and re-run elaboration/synthesis.
Completed Processing XDC Constraints

INFO: [Project 1-111] Unisim Transformation Summary:
  A total of 1 instances were transformed.
  IOBUF => IOBUF (IBUF, OBUFT): 1 instances

Constraint Validation Runtime : Time (s): cpu = 00:00:00 ; elapsed = 00:00:00.004 . Memory (MB): peak = 597.746 ; gain = 0.000
---------------------------------------------------------------------------------
Finished Constraint Validation : Time (s): cpu = 00:00:04 ; elapsed = 00:00:07 . Memory (MB): peak = 597.746 ; gain = 358.145
---------------------------------------------------------------------------------
---------------------------------------------------------------------------------
Start Loading Part and Timing Information
---------------------------------------------------------------------------------
Loading part: xc7z020clg400-2
---------------------------------------------------------------------------------
Finished Loading Part and Timing Information : Time (s): cpu = 00:00:04 ; elapsed = 00:00:07 . Memory (MB): peak = 597.746 ; gain = 358.145
---------------------------------------------------------------------------------
---------------------------------------------------------------------------------
Start Applying 'set_property' XDC Constraints
---------------------------------------------------------------------------------
Applied set_property DONT_TOUCH = true for system_i/processing_system7_0/inst. (constraint file  C:/Users/13575/Desktop/Project/zynq/GPIO_EMIO/GPIO_EMIO.runs/synth_1/dont_touch.xdc, line 13).
Applied set_property DONT_TOUCH = true for system_i. (constraint file  auto generated constraint, line ).
Applied set_property DONT_TOUCH = true for system_i/processing_system7_0. (constraint file  auto generated constraint, line ).
---------------------------------------------------------------------------------
Finished applying 'set_property' XDC Constraints : Time (s): cpu = 00:00:04 ; elapsed = 00:00:08 . Memory (MB): peak = 597.746 ; gain = 358.145
---------------------------------------------------------------------------------
---------------------------------------------------------------------------------
Finished RTL Optimization Phase 2 : Time (s): cpu = 00:00:04 ; elapsed = 00:00:08 . Memory (MB): peak = 597.746 ; gain = 358.145
---------------------------------------------------------------------------------

Report RTL Partitions: 
+-+--------------+------------+----------+
| |RTL Partition |Replication |Instances |
+-+--------------+------------+----------+
+-+--------------+------------+----------+
---------------------------------------------------------------------------------
Start RTL Component Statistics 
---------------------------------------------------------------------------------
Detailed RTL Component Info : 
---------------------------------------------------------------------------------
Finished RTL Component Statistics 
---------------------------------------------------------------------------------
---------------------------------------------------------------------------------
Start RTL Hierarchical Component Statistics 
---------------------------------------------------------------------------------
Hierarchical RTL Component report 
---------------------------------------------------------------------------------
Finished RTL Hierarchical Component Statistics
---------------------------------------------------------------------------------
---------------------------------------------------------------------------------
Start Part Resource Summary
---------------------------------------------------------------------------------
Part Resources:
DSPs: 220 (col length:60)
BRAMs: 280 (col length: RAMB18 60 RAMB36 30)
---------------------------------------------------------------------------------
Finished Part Resource Summary
---------------------------------------------------------------------------------
---------------------------------------------------------------------------------
Start Cross Boundary and Area Optimization
---------------------------------------------------------------------------------
WARNING: [Synth 8-3331] design processing_system7_v5_5_processing_system7 has unconnected port ENET0_GMII_COL
WARNING: [Synth 8-3331] design processing_system7_v5_5_processing_system7 has unconnected port ENET0_GMII_CRS
WARNING: [Synth 8-3331] design processing_system7_v5_5_processing_system7 has unconnected port ENET0_GMII_RX_DV
WARNING: [Synth 8-3331] design processing_system7_v5_5_processing_system7 has unconnected port ENET0_GMII_RX_ER
WARNING: [Synth 8-3331] design processing_system7_v5_5_processing_system7 has unconnected port ENET0_GMII_RXD[7]
WARNING: [Synth 8-3331] design processing_system7_v5_5_processing_system7 has unconnected port ENET0_GMII_RXD[6]
WARNING: [Synth 8-3331] design processing_system7_v5_5_processing_system7 has unconnected port ENET0_GMII_RXD[5]
WARNING: [Synth 8-3331] design processing_system7_v5_5_processing_system7 has unconnected port ENET0_GMII_RXD[4]
WARNING: [Synth 8-3331] design processing_system7_v5_5_processing_system7 has unconnected port ENET0_GMII_RXD[3]
WARNING: [Synth 8-3331] design processing_system7_v5_5_processing_system7 has unconnected port ENET0_GMII_RXD[2]
WARNING: [Synth 8-3331] design processing_system7_v5_5_processing_system7 has unconnected port ENET0_GMII_RXD[1]
WARNING: [Synth 8-3331] design processing_system7_v5_5_processing_system7 has unconnected port ENET0_GMII_RXD[0]
WARNING: [Synth 8-3331] design processing_system7_v5_5_processing_system7 has unconnected port ENET1_GMII_COL
WARNING: [Synth 8-3331] design processing_system7_v5_5_processing_system7 has unconnected port ENET1_GMII_CRS
WARNING: [Synth 8-3331] design processing_system7_v5_5_processing_system7 has unconnected port ENET1_GMII_RX_DV
WARNING: [Synth 8-3331] design processing_system7_v5_5_processing_system7 has unconnected port ENET1_GMII_RX_ER
WARNING: [Synth 8-3331] design processing_system7_v5_5_processing_system7 has unconnected port ENET1_GMII_RXD[7]
WARNING: [Synth 8-3331] design processing_system7_v5_5_processing_system7 has unconnected port ENET1_GMII_RXD[6]
WARNING: [Synth 8-3331] design processing_system7_v5_5_processing_system7 has unconnected port ENET1_GMII_RXD[5]
WARNING: [Synth 8-3331] design processing_system7_v5_5_processing_system7 has unconnected port ENET1_GMII_RXD[4]
WARNING: [Synth 8-3331] design processing_system7_v5_5_processing_system7 has unconnected port ENET1_GMII_RXD[3]
INFO: [Common 17-14] Message 'Synth 8-3331' appears 100 times and further instances of the messages will be disabled. Use the Tcl command set_msg_config to change the current settings.
---------------------------------------------------------------------------------
Finished Cross Boundary and Area Optimization : Time (s): cpu = 00:00:05 ; elapsed = 00:00:08 . Memory (MB): peak = 597.746 ; gain = 358.145
---------------------------------------------------------------------------------

Report RTL Partitions: 
+-+--------------+------------+----------+
| |RTL Partition |Replication |Instances |
+-+--------------+------------+----------+
+-+--------------+------------+----------+
---------------------------------------------------------------------------------
Start Applying XDC Timing Constraints
---------------------------------------------------------------------------------
---------------------------------------------------------------------------------
Finished Applying XDC Timing Constraints : Time (s): cpu = 00:00:07 ; elapsed = 00:00:14 . Memory (MB): peak = 819.930 ; gain = 580.328
---------------------------------------------------------------------------------
---------------------------------------------------------------------------------
Start Timing Optimization
---------------------------------------------------------------------------------
---------------------------------------------------------------------------------
Finished Timing Optimization : Time (s): cpu = 00:00:07 ; elapsed = 00:00:14 . Memory (MB): peak = 819.930 ; gain = 580.328
---------------------------------------------------------------------------------

Report RTL Partitions: 
+-+--------------+------------+----------+
| |RTL Partition |Replication |Instances |
+-+--------------+------------+----------+
+-+--------------+------------+----------+
---------------------------------------------------------------------------------
Start Technology Mapping
---------------------------------------------------------------------------------
---------------------------------------------------------------------------------
Finished Technology Mapping : Time (s): cpu = 00:00:08 ; elapsed = 00:00:14 . Memory (MB): peak = 839.152 ; gain = 599.551
---------------------------------------------------------------------------------

Report RTL Partitions: 
+-+--------------+------------+----------+
| |RTL Partition |Replication |Instances |
+-+--------------+------------+----------+
+-+--------------+------------+----------+
---------------------------------------------------------------------------------
Start IO Insertion
---------------------------------------------------------------------------------
---------------------------------------------------------------------------------
Start Flattening Before IO Insertion
---------------------------------------------------------------------------------
---------------------------------------------------------------------------------
Finished Flattening Before IO Insertion
---------------------------------------------------------------------------------
---------------------------------------------------------------------------------
Start Final Netlist Cleanup
---------------------------------------------------------------------------------
---------------------------------------------------------------------------------
Finished Final Netlist Cleanup
---------------------------------------------------------------------------------
---------------------------------------------------------------------------------
Finished IO Insertion : Time (s): cpu = 00:00:08 ; elapsed = 00:00:15 . Memory (MB): peak = 839.152 ; gain = 599.551
---------------------------------------------------------------------------------

Report Check Netlist: 
+------+------------------+-------+---------+-------+------------------+
|      |Item              |Errors |Warnings |Status |Description       |
+------+------------------+-------+---------+-------+------------------+
|1     |multi_driven_nets |      0|        0|Passed |Multi driven nets |
+------+------------------+-------+---------+-------+------------------+
---------------------------------------------------------------------------------
Start Renaming Generated Instances
---------------------------------------------------------------------------------
---------------------------------------------------------------------------------
Finished Renaming Generated Instances : Time (s): cpu = 00:00:08 ; elapsed = 00:00:15 . Memory (MB): peak = 839.152 ; gain = 599.551
---------------------------------------------------------------------------------

Report RTL Partitions: 
+-+--------------+------------+----------+
| |RTL Partition |Replication |Instances |
+-+--------------+------------+----------+
+-+--------------+------------+----------+
---------------------------------------------------------------------------------
Start Rebuilding User Hierarchy
---------------------------------------------------------------------------------
---------------------------------------------------------------------------------
Finished Rebuilding User Hierarchy : Time (s): cpu = 00:00:08 ; elapsed = 00:00:15 . Memory (MB): peak = 839.152 ; gain = 599.551
---------------------------------------------------------------------------------
---------------------------------------------------------------------------------
Start Renaming Generated Ports
---------------------------------------------------------------------------------
---------------------------------------------------------------------------------
Finished Renaming Generated Ports : Time (s): cpu = 00:00:08 ; elapsed = 00:00:15 . Memory (MB): peak = 839.152 ; gain = 599.551
---------------------------------------------------------------------------------
---------------------------------------------------------------------------------
Start Handling Custom Attributes
---------------------------------------------------------------------------------
---------------------------------------------------------------------------------
Finished Handling Custom Attributes : Time (s): cpu = 00:00:08 ; elapsed = 00:00:15 . Memory (MB): peak = 839.152 ; gain = 599.551
---------------------------------------------------------------------------------
---------------------------------------------------------------------------------
Start Renaming Generated Nets
---------------------------------------------------------------------------------
---------------------------------------------------------------------------------
Finished Renaming Generated Nets : Time (s): cpu = 00:00:08 ; elapsed = 00:00:15 . Memory (MB): peak = 839.152 ; gain = 599.551
---------------------------------------------------------------------------------
---------------------------------------------------------------------------------
Start Writing Synthesis Report
---------------------------------------------------------------------------------

Report BlackBoxes: 
+-+--------------+----------+
| |BlackBox name |Instances |
+-+--------------+----------+
+-+--------------+----------+

Report Cell Usage: 
+------+------+------+
|      |Cell  |Count |
+------+------+------+
|1     |BIBUF |   130|
|2     |LUT1  |    49|
|3     |PS7   |     1|
|4     |IOBUF |     1|
+------+------+------+

Report Instance Areas: 
+------+-------------------------+-------------------------------------------+------+
|      |Instance                 |Module                                     |Cells |
+------+-------------------------+-------------------------------------------+------+
|1     |top                      |                                           |   181|
|2     |  system_i               |system                                     |   180|
|3     |    processing_system7_0 |system_processing_system7_0_0              |   180|
|4     |      inst               |processing_system7_v5_5_processing_system7 |   180|
+------+-------------------------+-------------------------------------------+------+
---------------------------------------------------------------------------------
Finished Writing Synthesis Report : Time (s): cpu = 00:00:08 ; elapsed = 00:00:15 . Memory (MB): peak = 839.152 ; gain = 599.551
---------------------------------------------------------------------------------
Synthesis finished with 0 errors, 0 critical warnings and 79 warnings.
Synthesis Optimization Runtime : Time (s): cpu = 00:00:05 ; elapsed = 00:00:11 . Memory (MB): peak = 839.152 ; gain = 365.531
Synthesis Optimization Complete : Time (s): cpu = 00:00:08 ; elapsed = 00:00:15 . Memory (MB): peak = 839.152 ; gain = 599.551
INFO: [Project 1-571] Translating synthesized netlist
INFO: [Netlist 29-17] Analyzing 1 Unisim elements for replacement
INFO: [Netlist 29-28] Unisim Transformation completed in 0 CPU seconds
INFO: [Project 1-570] Preparing netlist for logic optimization
INFO: [Opt 31-138] Pushed 0 inverter(s) to 0 load pin(s).
INFO: [Project 1-111] Unisim Transformation Summary:
  A total of 1 instances were transformed.
  IOBUF => IOBUF (IBUF, OBUFT): 1 instances

35 Infos, 101 Warnings, 0 Critical Warnings and 0 Errors encountered.
synth_design completed successfully
synth_design: Time (s): cpu = 00:00:08 ; elapsed = 00:00:18 . Memory (MB): peak = 843.605 ; gain = 604.992
INFO: [Common 17-1381] The checkpoint 'C:/Users/13575/Desktop/Project/zynq/GPIO_EMIO/GPIO_EMIO.runs/synth_1/system_wrapper.dcp' has been generated.
report_utilization: Time (s): cpu = 00:00:00 ; elapsed = 00:00:00.008 . Memory (MB): peak = 843.605 ; gain = 0.000
INFO: [Common 17-206] Exiting Vivado at Sat May 20 11:54:15 2023...
